{"timestamp":"2026-02-24T15:55:05.241893Z","level":"info","event":"DAG bundles loaded: dags-folder","logger":"airflow.dag_processing.bundles.manager.DagBundlesManager","filename":"manager.py","lineno":179}
{"timestamp":"2026-02-24T15:55:05.243395Z","level":"info","event":"Filling up the DagBag from /opt/airflow/dags/data_pipeline.py","logger":"airflow.models.dagbag.DagBag","filename":"dagbag.py","lineno":593}
{"timestamp":"2026-02-24T15:55:05.570211Z","level":"warning","event":"The `airflow.operators.bash.BashOperator` attribute is deprecated. Please use `'airflow.providers.standard.operators.bash.BashOperator'`.","category":"DeprecatedImportWarning","filename":"/opt/airflow/dags/data_pipeline.py","lineno":4,"logger":"py.warnings"}
{"timestamp":"2026-02-24T15:55:05.690854Z","level":"info","event":"Tmp dir root location: /tmp","logger":"airflow.task.hooks.airflow.providers.standard.hooks.subprocess.SubprocessHook","filename":"subprocess.py","lineno":78}
{"timestamp":"2026-02-24T15:55:05.692614Z","level":"info","event":"Running command: ['/usr/bin/bash', '-c', 'cd /opt/airflow/dbt/test_dbt_pj && dbt run --select gold']","logger":"airflow.task.hooks.airflow.providers.standard.hooks.subprocess.SubprocessHook","filename":"subprocess.py","lineno":80}
{"timestamp":"2026-02-24T15:55:05.693696Z","level":"info","event":"Output:","logger":"airflow.task.hooks.airflow.providers.standard.hooks.subprocess.SubprocessHook","filename":"subprocess.py","lineno":92}
{"timestamp":"2026-02-24T15:55:07.879851Z","level":"info","event":"\u001b[0m15:55:07  Running with dbt=1.11.3","logger":"airflow.task.hooks.airflow.providers.standard.hooks.subprocess.SubprocessHook","filename":"subprocess.py","lineno":99}
{"timestamp":"2026-02-24T15:55:08.355786Z","level":"info","event":"\u001b[0m15:55:08  Registered adapter: sqlserver=1.9.0","logger":"airflow.task.hooks.airflow.providers.standard.hooks.subprocess.SubprocessHook","filename":"subprocess.py","lineno":99}
{"timestamp":"2026-02-24T15:55:08.750217Z","level":"info","event":"\u001b[0m15:55:08  [\u001b[33mWARNING\u001b[0m]: Configuration paths exist in your dbt_project.yml file which do not apply to any resources.","logger":"airflow.task.hooks.airflow.providers.standard.hooks.subprocess.SubprocessHook","filename":"subprocess.py","lineno":99}
{"timestamp":"2026-02-24T15:55:08.750396Z","level":"info","event":"There are 2 unused configuration paths:","logger":"airflow.task.hooks.airflow.providers.standard.hooks.subprocess.SubprocessHook","filename":"subprocess.py","lineno":99}
{"timestamp":"2026-02-24T15:55:08.750462Z","level":"info","event":"- models.test_dbt_pj.staging","logger":"airflow.task.hooks.airflow.providers.standard.hooks.subprocess.SubprocessHook","filename":"subprocess.py","lineno":99}
{"timestamp":"2026-02-24T15:55:08.750502Z","level":"info","event":"- models.test_dbt_pj.marts","logger":"airflow.task.hooks.airflow.providers.standard.hooks.subprocess.SubprocessHook","filename":"subprocess.py","lineno":99}
{"timestamp":"2026-02-24T15:55:08.929225Z","level":"info","event":"\u001b[0m15:55:08  Found 12 models, 539 macros","logger":"airflow.task.hooks.airflow.providers.standard.hooks.subprocess.SubprocessHook","filename":"subprocess.py","lineno":99}
{"timestamp":"2026-02-24T15:55:08.934754Z","level":"info","event":"\u001b[0m15:55:08","logger":"airflow.task.hooks.airflow.providers.standard.hooks.subprocess.SubprocessHook","filename":"subprocess.py","lineno":99}
{"timestamp":"2026-02-24T15:55:08.935913Z","level":"info","event":"\u001b[0m15:55:08  Concurrency: 1 threads (target='dev')","logger":"airflow.task.hooks.airflow.providers.standard.hooks.subprocess.SubprocessHook","filename":"subprocess.py","lineno":99}
{"timestamp":"2026-02-24T15:55:08.937572Z","level":"info","event":"\u001b[0m15:55:08","logger":"airflow.task.hooks.airflow.providers.standard.hooks.subprocess.SubprocessHook","filename":"subprocess.py","lineno":99}
{"timestamp":"2026-02-24T15:55:09.335877Z","level":"info","event":"\u001b[0m15:55:09  1 of 7 START sql view model dbo.dim_curriculum ................................. [RUN]","logger":"airflow.task.hooks.airflow.providers.standard.hooks.subprocess.SubprocessHook","filename":"subprocess.py","lineno":99}
{"timestamp":"2026-02-24T15:55:09.724087Z","level":"info","event":"\u001b[0m15:55:09  1 of 7 OK created sql view model dbo.dim_curriculum ............................ [\u001b[32mOK\u001b[0m in 0.38s]","logger":"airflow.task.hooks.airflow.providers.standard.hooks.subprocess.SubprocessHook","filename":"subprocess.py","lineno":99}
{"timestamp":"2026-02-24T15:55:09.726720Z","level":"info","event":"\u001b[0m15:55:09  2 of 7 START sql view model dbo.dim_date ....................................... [RUN]","logger":"airflow.task.hooks.airflow.providers.standard.hooks.subprocess.SubprocessHook","filename":"subprocess.py","lineno":99}
{"timestamp":"2026-02-24T15:55:09.942724Z","level":"info","event":"\u001b[0m15:55:09  2 of 7 OK created sql view model dbo.dim_date .................................. [\u001b[32mOK\u001b[0m in 0.21s]","logger":"airflow.task.hooks.airflow.providers.standard.hooks.subprocess.SubprocessHook","filename":"subprocess.py","lineno":99}
{"timestamp":"2026-02-24T15:55:09.945530Z","level":"info","event":"\u001b[0m15:55:09  3 of 7 START sql view model dbo.dim_milestone .................................. [RUN]","logger":"airflow.task.hooks.airflow.providers.standard.hooks.subprocess.SubprocessHook","filename":"subprocess.py","lineno":99}
{"timestamp":"2026-02-24T15:55:10.164944Z","level":"info","event":"\u001b[0m15:55:10  3 of 7 OK created sql view model dbo.dim_milestone ............................. [\u001b[32mOK\u001b[0m in 0.22s]","logger":"airflow.task.hooks.airflow.providers.standard.hooks.subprocess.SubprocessHook","filename":"subprocess.py","lineno":99}
{"timestamp":"2026-02-24T15:55:10.168253Z","level":"info","event":"\u001b[0m15:55:10  4 of 7 START sql view model dbo.dim_scholar .................................... [RUN]","logger":"airflow.task.hooks.airflow.providers.standard.hooks.subprocess.SubprocessHook","filename":"subprocess.py","lineno":99}
{"timestamp":"2026-02-24T15:55:10.390808Z","level":"info","event":"\u001b[0m15:55:10  4 of 7 OK created sql view model dbo.dim_scholar ............................... [\u001b[32mOK\u001b[0m in 0.22s]","logger":"airflow.task.hooks.airflow.providers.standard.hooks.subprocess.SubprocessHook","filename":"subprocess.py","lineno":99}
{"timestamp":"2026-02-24T15:55:10.394318Z","level":"info","event":"\u001b[0m15:55:10  5 of 7 START sql view model dbo.dim_student .................................... [RUN]","logger":"airflow.task.hooks.airflow.providers.standard.hooks.subprocess.SubprocessHook","filename":"subprocess.py","lineno":99}
{"timestamp":"2026-02-24T15:55:10.634635Z","level":"info","event":"\u001b[0m15:55:10  5 of 7 OK created sql view model dbo.dim_student ............................... [\u001b[32mOK\u001b[0m in 0.24s]","logger":"airflow.task.hooks.airflow.providers.standard.hooks.subprocess.SubprocessHook","filename":"subprocess.py","lineno":99}
{"timestamp":"2026-02-24T15:55:10.639824Z","level":"info","event":"\u001b[0m15:55:10  6 of 7 START sql view model dbo.fact_milestone ................................. [RUN]","logger":"airflow.task.hooks.airflow.providers.standard.hooks.subprocess.SubprocessHook","filename":"subprocess.py","lineno":99}
{"timestamp":"2026-02-24T15:55:10.933023Z","level":"info","event":"\u001b[0m15:55:10  6 of 7 OK created sql view model dbo.fact_milestone ............................ [\u001b[32mOK\u001b[0m in 0.29s]","logger":"airflow.task.hooks.airflow.providers.standard.hooks.subprocess.SubprocessHook","filename":"subprocess.py","lineno":99}
{"timestamp":"2026-02-24T15:55:10.936995Z","level":"info","event":"\u001b[0m15:55:10  7 of 7 START sql view model dbo.fact_scholar ................................... [RUN]","logger":"airflow.task.hooks.airflow.providers.standard.hooks.subprocess.SubprocessHook","filename":"subprocess.py","lineno":99}
{"timestamp":"2026-02-24T15:55:11.156982Z","level":"info","event":"\u001b[0m15:55:11  7 of 7 OK created sql view model dbo.fact_scholar .............................. [\u001b[32mOK\u001b[0m in 0.22s]","logger":"airflow.task.hooks.airflow.providers.standard.hooks.subprocess.SubprocessHook","filename":"subprocess.py","lineno":99}
{"timestamp":"2026-02-24T15:55:11.163224Z","level":"info","event":"\u001b[0m15:55:11","logger":"airflow.task.hooks.airflow.providers.standard.hooks.subprocess.SubprocessHook","filename":"subprocess.py","lineno":99}
{"timestamp":"2026-02-24T15:55:11.164087Z","level":"info","event":"\u001b[0m15:55:11  Finished running 7 view models in 0 hours 0 minutes and 2.22 seconds (2.22s).","logger":"airflow.task.hooks.airflow.providers.standard.hooks.subprocess.SubprocessHook","filename":"subprocess.py","lineno":99}
{"timestamp":"2026-02-24T15:55:11.243748Z","level":"info","event":"\u001b[0m15:55:11","logger":"airflow.task.hooks.airflow.providers.standard.hooks.subprocess.SubprocessHook","filename":"subprocess.py","lineno":99}
{"timestamp":"2026-02-24T15:55:11.245153Z","level":"info","event":"\u001b[0m15:55:11  \u001b[32mCompleted successfully\u001b[0m","logger":"airflow.task.hooks.airflow.providers.standard.hooks.subprocess.SubprocessHook","filename":"subprocess.py","lineno":99}
{"timestamp":"2026-02-24T15:55:11.246312Z","level":"info","event":"\u001b[0m15:55:11","logger":"airflow.task.hooks.airflow.providers.standard.hooks.subprocess.SubprocessHook","filename":"subprocess.py","lineno":99}
{"timestamp":"2026-02-24T15:55:11.247471Z","level":"info","event":"\u001b[0m15:55:11  Done. PASS=7 WARN=0 ERROR=0 SKIP=0 NO-OP=0 TOTAL=7","logger":"airflow.task.hooks.airflow.providers.standard.hooks.subprocess.SubprocessHook","filename":"subprocess.py","lineno":99}
{"timestamp":"2026-02-24T15:55:13.077674Z","level":"info","event":"Command exited with return code 0","logger":"airflow.task.hooks.airflow.providers.standard.hooks.subprocess.SubprocessHook","filename":"subprocess.py","lineno":103}
{"timestamp":"2026-02-24T15:55:13.079431Z","level":"info","event":"Pushing xcom","ti":"RuntimeTaskInstance(id=UUID('019c905b-a931-72e3-9248-9e3f33e6367b'), task_id='dbt_run_gold', dag_id='bronze_silver_gold', run_id='manual__2026-02-24T15:54:10+00:00', try_number=1, dag_version_id=UUID('019c902f-5002-7d46-afce-5ffa472cd232'), map_index=-1, hostname='bf2658ae7606', context_carrier={}, task=<Task(BashOperator): dbt_run_gold>, bundle_instance=LocalDagBundle(name=dags-folder), max_tries=0, start_date=datetime.datetime(2026, 2, 24, 15, 55, 5, 202920, tzinfo=datetime.timezone.utc), end_date=None, state=<TaskInstanceState.RUNNING: 'running'>, is_mapped=False, rendered_map_index=None)","logger":"task","filename":"task_runner.py","lineno":1450}
