{"timestamp":"2026-03-05T03:56:14.385506Z","level":"info","event":"DAG bundles loaded: dags-folder","logger":"airflow.dag_processing.bundles.manager.DagBundlesManager","filename":"manager.py","lineno":179}
{"timestamp":"2026-03-05T03:56:14.386875Z","level":"info","event":"Filling up the DagBag from /opt/airflow/dags/data_pipeline.py","logger":"airflow.models.dagbag.DagBag","filename":"dagbag.py","lineno":593}
{"timestamp":"2026-03-05T03:56:14.830913Z","level":"warning","event":"The `airflow.operators.bash.BashOperator` attribute is deprecated. Please use `'airflow.providers.standard.operators.bash.BashOperator'`.","category":"DeprecatedImportWarning","filename":"/opt/airflow/dags/data_pipeline.py","lineno":4,"logger":"py.warnings"}
{"timestamp":"2026-03-05T03:56:15.260233Z","level":"info","event":"Tmp dir root location: /tmp","logger":"airflow.task.hooks.airflow.providers.standard.hooks.subprocess.SubprocessHook","filename":"subprocess.py","lineno":78}
{"timestamp":"2026-03-05T03:56:15.261791Z","level":"info","event":"Running command: ['/usr/bin/bash', '-c', 'cd /opt/airflow/dbt/test_dbt_pj && dbt run --select silver']","logger":"airflow.task.hooks.airflow.providers.standard.hooks.subprocess.SubprocessHook","filename":"subprocess.py","lineno":80}
{"timestamp":"2026-03-05T03:56:15.262845Z","level":"info","event":"Output:","logger":"airflow.task.hooks.airflow.providers.standard.hooks.subprocess.SubprocessHook","filename":"subprocess.py","lineno":92}
{"timestamp":"2026-03-05T03:56:18.213601Z","level":"info","event":"\u001b[0m03:56:18  Running with dbt=1.11.3","logger":"airflow.task.hooks.airflow.providers.standard.hooks.subprocess.SubprocessHook","filename":"subprocess.py","lineno":99}
{"timestamp":"2026-03-05T03:56:18.831455Z","level":"info","event":"\u001b[0m03:56:18  Registered adapter: sqlserver=1.9.0","logger":"airflow.task.hooks.airflow.providers.standard.hooks.subprocess.SubprocessHook","filename":"subprocess.py","lineno":99}
{"timestamp":"2026-03-05T03:56:19.730048Z","level":"info","event":"\u001b[0m03:56:19  [\u001b[33mWARNING\u001b[0m]: Configuration paths exist in your dbt_project.yml file which do not apply to any resources.","logger":"airflow.task.hooks.airflow.providers.standard.hooks.subprocess.SubprocessHook","filename":"subprocess.py","lineno":99}
{"timestamp":"2026-03-05T03:56:19.730416Z","level":"info","event":"There are 2 unused configuration paths:","logger":"airflow.task.hooks.airflow.providers.standard.hooks.subprocess.SubprocessHook","filename":"subprocess.py","lineno":99}
{"timestamp":"2026-03-05T03:56:19.730528Z","level":"info","event":"- models.test_dbt_pj.staging","logger":"airflow.task.hooks.airflow.providers.standard.hooks.subprocess.SubprocessHook","filename":"subprocess.py","lineno":99}
{"timestamp":"2026-03-05T03:56:19.730607Z","level":"info","event":"- models.test_dbt_pj.marts","logger":"airflow.task.hooks.airflow.providers.standard.hooks.subprocess.SubprocessHook","filename":"subprocess.py","lineno":99}
{"timestamp":"2026-03-05T03:56:19.867173Z","level":"info","event":"\u001b[0m03:56:19  Found 12 models, 539 macros","logger":"airflow.task.hooks.airflow.providers.standard.hooks.subprocess.SubprocessHook","filename":"subprocess.py","lineno":99}
{"timestamp":"2026-03-05T03:56:19.872203Z","level":"info","event":"\u001b[0m03:56:19","logger":"airflow.task.hooks.airflow.providers.standard.hooks.subprocess.SubprocessHook","filename":"subprocess.py","lineno":99}
{"timestamp":"2026-03-05T03:56:19.874037Z","level":"info","event":"\u001b[0m03:56:19  Concurrency: 1 threads (target='dev')","logger":"airflow.task.hooks.airflow.providers.standard.hooks.subprocess.SubprocessHook","filename":"subprocess.py","lineno":99}
{"timestamp":"2026-03-05T03:56:19.875091Z","level":"info","event":"\u001b[0m03:56:19","logger":"airflow.task.hooks.airflow.providers.standard.hooks.subprocess.SubprocessHook","filename":"subprocess.py","lineno":99}
{"timestamp":"2026-03-05T03:56:20.370888Z","level":"info","event":"\u001b[0m03:56:20  1 of 5 START sql table model dbo.silver_curr_cyc_data .......................... [RUN]","logger":"airflow.task.hooks.airflow.providers.standard.hooks.subprocess.SubprocessHook","filename":"subprocess.py","lineno":99}
{"timestamp":"2026-03-05T03:56:21.183717Z","level":"info","event":"\u001b[0m03:56:21  1 of 5 OK created sql table model dbo.silver_curr_cyc_data ..................... [\u001b[32mOK\u001b[0m in 0.81s]","logger":"airflow.task.hooks.airflow.providers.standard.hooks.subprocess.SubprocessHook","filename":"subprocess.py","lineno":99}
{"timestamp":"2026-03-05T03:56:21.187530Z","level":"info","event":"\u001b[0m03:56:21  2 of 5 START sql table model dbo.silver_curr_data .............................. [RUN]","logger":"airflow.task.hooks.airflow.providers.standard.hooks.subprocess.SubprocessHook","filename":"subprocess.py","lineno":99}
{"timestamp":"2026-03-05T03:56:21.792275Z","level":"info","event":"\u001b[0m03:56:21  2 of 5 OK created sql table model dbo.silver_curr_data ......................... [\u001b[32mOK\u001b[0m in 0.60s]","logger":"airflow.task.hooks.airflow.providers.standard.hooks.subprocess.SubprocessHook","filename":"subprocess.py","lineno":99}
{"timestamp":"2026-03-05T03:56:21.795070Z","level":"info","event":"\u001b[0m03:56:21  3 of 5 START sql table model dbo.silver_scholar_data ........................... [RUN]","logger":"airflow.task.hooks.airflow.providers.standard.hooks.subprocess.SubprocessHook","filename":"subprocess.py","lineno":99}
{"timestamp":"2026-03-05T03:56:24.797534Z","level":"info","event":"\u001b[0m03:56:24  3 of 5 OK created sql table model dbo.silver_scholar_data ...................... [\u001b[32mOK\u001b[0m in 3.00s]","logger":"airflow.task.hooks.airflow.providers.standard.hooks.subprocess.SubprocessHook","filename":"subprocess.py","lineno":99}
{"timestamp":"2026-03-05T03:56:24.801684Z","level":"info","event":"\u001b[0m03:56:24  4 of 5 START sql table model dbo.silver_student_data ........................... [RUN]","logger":"airflow.task.hooks.airflow.providers.standard.hooks.subprocess.SubprocessHook","filename":"subprocess.py","lineno":99}
{"timestamp":"2026-03-05T03:56:29.055008Z","level":"info","event":"\u001b[0m03:56:29  4 of 5 OK created sql table model dbo.silver_student_data ...................... [\u001b[32mOK\u001b[0m in 4.25s]","logger":"airflow.task.hooks.airflow.providers.standard.hooks.subprocess.SubprocessHook","filename":"subprocess.py","lineno":99}
{"timestamp":"2026-03-05T03:56:29.058553Z","level":"info","event":"\u001b[0m03:56:29  5 of 5 START sql table model dbo.silver_thesis_data ............................ [RUN]","logger":"airflow.task.hooks.airflow.providers.standard.hooks.subprocess.SubprocessHook","filename":"subprocess.py","lineno":99}
{"timestamp":"2026-03-05T03:57:07.713200Z","level":"info","event":"\u001b[0m03:57:07  5 of 5 OK created sql table model dbo.silver_thesis_data ....................... [\u001b[32mOK\u001b[0m in 38.65s]","logger":"airflow.task.hooks.airflow.providers.standard.hooks.subprocess.SubprocessHook","filename":"subprocess.py","lineno":99}
{"timestamp":"2026-03-05T03:57:07.721055Z","level":"info","event":"\u001b[0m03:57:07","logger":"airflow.task.hooks.airflow.providers.standard.hooks.subprocess.SubprocessHook","filename":"subprocess.py","lineno":99}
{"timestamp":"2026-03-05T03:57:07.722360Z","level":"info","event":"\u001b[0m03:57:07  Finished running 5 table models in 0 hours 0 minutes and 47.84 seconds (47.84s).","logger":"airflow.task.hooks.airflow.providers.standard.hooks.subprocess.SubprocessHook","filename":"subprocess.py","lineno":99}
{"timestamp":"2026-03-05T03:57:07.800827Z","level":"info","event":"\u001b[0m03:57:07","logger":"airflow.task.hooks.airflow.providers.standard.hooks.subprocess.SubprocessHook","filename":"subprocess.py","lineno":99}
{"timestamp":"2026-03-05T03:57:07.802033Z","level":"info","event":"\u001b[0m03:57:07  \u001b[32mCompleted successfully\u001b[0m","logger":"airflow.task.hooks.airflow.providers.standard.hooks.subprocess.SubprocessHook","filename":"subprocess.py","lineno":99}
{"timestamp":"2026-03-05T03:57:07.803039Z","level":"info","event":"\u001b[0m03:57:07","logger":"airflow.task.hooks.airflow.providers.standard.hooks.subprocess.SubprocessHook","filename":"subprocess.py","lineno":99}
{"timestamp":"2026-03-05T03:57:07.804025Z","level":"info","event":"\u001b[0m03:57:07  Done. PASS=5 WARN=0 ERROR=0 SKIP=0 NO-OP=0 TOTAL=5","logger":"airflow.task.hooks.airflow.providers.standard.hooks.subprocess.SubprocessHook","filename":"subprocess.py","lineno":99}
{"timestamp":"2026-03-05T03:57:09.674549Z","level":"info","event":"Command exited with return code 0","logger":"airflow.task.hooks.airflow.providers.standard.hooks.subprocess.SubprocessHook","filename":"subprocess.py","lineno":103}
{"timestamp":"2026-03-05T03:57:09.675181Z","level":"info","event":"Pushing xcom","ti":"RuntimeTaskInstance(id=UUID('019cbc23-6bca-75ae-9b08-b1972c4169a0'), task_id='dbt_run_silver', dag_id='bronze_silver_gold', run_id='manual__2026-03-05T03:56:02+00:00', try_number=1, dag_version_id=UUID('019c902f-5002-7d46-afce-5ffa472cd232'), map_index=-1, hostname='bf2658ae7606', context_carrier={}, task=<Task(BashOperator): dbt_run_silver>, bundle_instance=LocalDagBundle(name=dags-folder), max_tries=0, start_date=datetime.datetime(2026, 3, 5, 3, 56, 14, 348468, tzinfo=datetime.timezone.utc), end_date=None, state=<TaskInstanceState.RUNNING: 'running'>, is_mapped=False, rendered_map_index=None)","logger":"task","filename":"task_runner.py","lineno":1450}
