{"timestamp":"2026-03-05T04:33:12.065600Z","level":"info","event":"DAG bundles loaded: dags-folder","logger":"airflow.dag_processing.bundles.manager.DagBundlesManager","filename":"manager.py","lineno":179}
{"timestamp":"2026-03-05T04:33:12.066991Z","level":"info","event":"Filling up the DagBag from /opt/airflow/dags/data_pipeline.py","logger":"airflow.models.dagbag.DagBag","filename":"dagbag.py","lineno":593}
{"timestamp":"2026-03-05T04:33:12.409737Z","level":"warning","event":"The `airflow.operators.bash.BashOperator` attribute is deprecated. Please use `'airflow.providers.standard.operators.bash.BashOperator'`.","category":"DeprecatedImportWarning","filename":"/opt/airflow/dags/data_pipeline.py","lineno":4,"logger":"py.warnings"}
{"timestamp":"2026-03-05T04:33:12.497776Z","level":"info","event":"Tmp dir root location: /tmp","logger":"airflow.task.hooks.airflow.providers.standard.hooks.subprocess.SubprocessHook","filename":"subprocess.py","lineno":78}
{"timestamp":"2026-03-05T04:33:12.499207Z","level":"info","event":"Running command: ['/usr/bin/bash', '-c', 'cd /opt/airflow/dbt/test_dbt_pj && dbt run --select gold']","logger":"airflow.task.hooks.airflow.providers.standard.hooks.subprocess.SubprocessHook","filename":"subprocess.py","lineno":80}
{"timestamp":"2026-03-05T04:33:12.500112Z","level":"info","event":"Output:","logger":"airflow.task.hooks.airflow.providers.standard.hooks.subprocess.SubprocessHook","filename":"subprocess.py","lineno":92}
{"timestamp":"2026-03-05T04:33:14.425193Z","level":"info","event":"\u001b[0m04:33:14  Running with dbt=1.11.3","logger":"airflow.task.hooks.airflow.providers.standard.hooks.subprocess.SubprocessHook","filename":"subprocess.py","lineno":99}
{"timestamp":"2026-03-05T04:33:14.883244Z","level":"info","event":"\u001b[0m04:33:14  Registered adapter: sqlserver=1.9.0","logger":"airflow.task.hooks.airflow.providers.standard.hooks.subprocess.SubprocessHook","filename":"subprocess.py","lineno":99}
{"timestamp":"2026-03-05T04:33:15.226808Z","level":"info","event":"\u001b[0m04:33:15  [\u001b[33mWARNING\u001b[0m]: Configuration paths exist in your dbt_project.yml file which do not apply to any resources.","logger":"airflow.task.hooks.airflow.providers.standard.hooks.subprocess.SubprocessHook","filename":"subprocess.py","lineno":99}
{"timestamp":"2026-03-05T04:33:15.226999Z","level":"info","event":"There are 2 unused configuration paths:","logger":"airflow.task.hooks.airflow.providers.standard.hooks.subprocess.SubprocessHook","filename":"subprocess.py","lineno":99}
{"timestamp":"2026-03-05T04:33:15.227212Z","level":"info","event":"- models.test_dbt_pj.staging","logger":"airflow.task.hooks.airflow.providers.standard.hooks.subprocess.SubprocessHook","filename":"subprocess.py","lineno":99}
{"timestamp":"2026-03-05T04:33:15.227272Z","level":"info","event":"- models.test_dbt_pj.marts","logger":"airflow.task.hooks.airflow.providers.standard.hooks.subprocess.SubprocessHook","filename":"subprocess.py","lineno":99}
{"timestamp":"2026-03-05T04:33:15.381795Z","level":"info","event":"\u001b[0m04:33:15  Found 12 models, 539 macros","logger":"airflow.task.hooks.airflow.providers.standard.hooks.subprocess.SubprocessHook","filename":"subprocess.py","lineno":99}
{"timestamp":"2026-03-05T04:33:15.386066Z","level":"info","event":"\u001b[0m04:33:15","logger":"airflow.task.hooks.airflow.providers.standard.hooks.subprocess.SubprocessHook","filename":"subprocess.py","lineno":99}
{"timestamp":"2026-03-05T04:33:15.387280Z","level":"info","event":"\u001b[0m04:33:15  Concurrency: 1 threads (target='dev')","logger":"airflow.task.hooks.airflow.providers.standard.hooks.subprocess.SubprocessHook","filename":"subprocess.py","lineno":99}
{"timestamp":"2026-03-05T04:33:15.388268Z","level":"info","event":"\u001b[0m04:33:15","logger":"airflow.task.hooks.airflow.providers.standard.hooks.subprocess.SubprocessHook","filename":"subprocess.py","lineno":99}
{"timestamp":"2026-03-05T04:33:15.772480Z","level":"info","event":"\u001b[0m04:33:15  1 of 7 START sql view model dbo.dim_curriculum ................................. [RUN]","logger":"airflow.task.hooks.airflow.providers.standard.hooks.subprocess.SubprocessHook","filename":"subprocess.py","lineno":99}
{"timestamp":"2026-03-05T04:33:16.160544Z","level":"info","event":"\u001b[0m04:33:16  1 of 7 OK created sql view model dbo.dim_curriculum ............................ [\u001b[32mOK\u001b[0m in 0.38s]","logger":"airflow.task.hooks.airflow.providers.standard.hooks.subprocess.SubprocessHook","filename":"subprocess.py","lineno":99}
{"timestamp":"2026-03-05T04:33:16.164436Z","level":"info","event":"\u001b[0m04:33:16  2 of 7 START sql view model dbo.dim_date ....................................... [RUN]","logger":"airflow.task.hooks.airflow.providers.standard.hooks.subprocess.SubprocessHook","filename":"subprocess.py","lineno":99}
{"timestamp":"2026-03-05T04:33:16.405310Z","level":"info","event":"\u001b[0m04:33:16  2 of 7 OK created sql view model dbo.dim_date .................................. [\u001b[32mOK\u001b[0m in 0.24s]","logger":"airflow.task.hooks.airflow.providers.standard.hooks.subprocess.SubprocessHook","filename":"subprocess.py","lineno":99}
{"timestamp":"2026-03-05T04:33:16.408896Z","level":"info","event":"\u001b[0m04:33:16  3 of 7 START sql view model dbo.dim_milestone .................................. [RUN]","logger":"airflow.task.hooks.airflow.providers.standard.hooks.subprocess.SubprocessHook","filename":"subprocess.py","lineno":99}
{"timestamp":"2026-03-05T04:33:16.753628Z","level":"info","event":"\u001b[0m04:33:16  3 of 7 OK created sql view model dbo.dim_milestone ............................. [\u001b[32mOK\u001b[0m in 0.34s]","logger":"airflow.task.hooks.airflow.providers.standard.hooks.subprocess.SubprocessHook","filename":"subprocess.py","lineno":99}
{"timestamp":"2026-03-05T04:33:16.757379Z","level":"info","event":"\u001b[0m04:33:16  4 of 7 START sql view model dbo.dim_scholar .................................... [RUN]","logger":"airflow.task.hooks.airflow.providers.standard.hooks.subprocess.SubprocessHook","filename":"subprocess.py","lineno":99}
{"timestamp":"2026-03-05T04:33:16.993147Z","level":"info","event":"\u001b[0m04:33:16  4 of 7 OK created sql view model dbo.dim_scholar ............................... [\u001b[32mOK\u001b[0m in 0.23s]","logger":"airflow.task.hooks.airflow.providers.standard.hooks.subprocess.SubprocessHook","filename":"subprocess.py","lineno":99}
{"timestamp":"2026-03-05T04:33:16.997292Z","level":"info","event":"\u001b[0m04:33:16  5 of 7 START sql view model dbo.dim_student .................................... [RUN]","logger":"airflow.task.hooks.airflow.providers.standard.hooks.subprocess.SubprocessHook","filename":"subprocess.py","lineno":99}
{"timestamp":"2026-03-05T04:33:17.254663Z","level":"info","event":"\u001b[0m04:33:17  5 of 7 OK created sql view model dbo.dim_student ............................... [\u001b[32mOK\u001b[0m in 0.25s]","logger":"airflow.task.hooks.airflow.providers.standard.hooks.subprocess.SubprocessHook","filename":"subprocess.py","lineno":99}
{"timestamp":"2026-03-05T04:33:17.260604Z","level":"info","event":"\u001b[0m04:33:17  6 of 7 START sql view model dbo.fact_milestone ................................. [RUN]","logger":"airflow.task.hooks.airflow.providers.standard.hooks.subprocess.SubprocessHook","filename":"subprocess.py","lineno":99}
{"timestamp":"2026-03-05T04:33:17.547990Z","level":"info","event":"\u001b[0m04:33:17  6 of 7 OK created sql view model dbo.fact_milestone ............................ [\u001b[32mOK\u001b[0m in 0.28s]","logger":"airflow.task.hooks.airflow.providers.standard.hooks.subprocess.SubprocessHook","filename":"subprocess.py","lineno":99}
{"timestamp":"2026-03-05T04:33:17.551960Z","level":"info","event":"\u001b[0m04:33:17  7 of 7 START sql view model dbo.fact_scholar ................................... [RUN]","logger":"airflow.task.hooks.airflow.providers.standard.hooks.subprocess.SubprocessHook","filename":"subprocess.py","lineno":99}
{"timestamp":"2026-03-05T04:33:17.797285Z","level":"info","event":"\u001b[0m04:33:17  7 of 7 OK created sql view model dbo.fact_scholar .............................. [\u001b[32mOK\u001b[0m in 0.24s]","logger":"airflow.task.hooks.airflow.providers.standard.hooks.subprocess.SubprocessHook","filename":"subprocess.py","lineno":99}
{"timestamp":"2026-03-05T04:33:17.805652Z","level":"info","event":"\u001b[0m04:33:17","logger":"airflow.task.hooks.airflow.providers.standard.hooks.subprocess.SubprocessHook","filename":"subprocess.py","lineno":99}
{"timestamp":"2026-03-05T04:33:17.806892Z","level":"info","event":"\u001b[0m04:33:17  Finished running 7 view models in 0 hours 0 minutes and 2.42 seconds (2.42s).","logger":"airflow.task.hooks.airflow.providers.standard.hooks.subprocess.SubprocessHook","filename":"subprocess.py","lineno":99}
{"timestamp":"2026-03-05T04:33:17.900426Z","level":"info","event":"\u001b[0m04:33:17","logger":"airflow.task.hooks.airflow.providers.standard.hooks.subprocess.SubprocessHook","filename":"subprocess.py","lineno":99}
{"timestamp":"2026-03-05T04:33:17.901830Z","level":"info","event":"\u001b[0m04:33:17  \u001b[32mCompleted successfully\u001b[0m","logger":"airflow.task.hooks.airflow.providers.standard.hooks.subprocess.SubprocessHook","filename":"subprocess.py","lineno":99}
{"timestamp":"2026-03-05T04:33:17.903002Z","level":"info","event":"\u001b[0m04:33:17","logger":"airflow.task.hooks.airflow.providers.standard.hooks.subprocess.SubprocessHook","filename":"subprocess.py","lineno":99}
{"timestamp":"2026-03-05T04:33:17.904131Z","level":"info","event":"\u001b[0m04:33:17  Done. PASS=7 WARN=0 ERROR=0 SKIP=0 NO-OP=0 TOTAL=7","logger":"airflow.task.hooks.airflow.providers.standard.hooks.subprocess.SubprocessHook","filename":"subprocess.py","lineno":99}
{"timestamp":"2026-03-05T04:33:19.645153Z","level":"info","event":"Command exited with return code 0","logger":"airflow.task.hooks.airflow.providers.standard.hooks.subprocess.SubprocessHook","filename":"subprocess.py","lineno":103}
{"timestamp":"2026-03-05T04:33:19.646073Z","level":"info","event":"Pushing xcom","ti":"RuntimeTaskInstance(id=UUID('019cbc44-48ce-7253-a550-745c208eae80'), task_id='dbt_run_gold', dag_id='bronze_silver_gold', run_id='manual__2026-03-05T04:31:55+00:00', try_number=1, dag_version_id=UUID('019c902f-5002-7d46-afce-5ffa472cd232'), map_index=-1, hostname='bf2658ae7606', context_carrier={}, task=<Task(BashOperator): dbt_run_gold>, bundle_instance=LocalDagBundle(name=dags-folder), max_tries=0, start_date=datetime.datetime(2026, 3, 5, 4, 33, 12, 27672, tzinfo=datetime.timezone.utc), end_date=None, state=<TaskInstanceState.RUNNING: 'running'>, is_mapped=False, rendered_map_index=None)","logger":"task","filename":"task_runner.py","lineno":1450}
