{"timestamp":"2026-02-24T15:22:05.189101Z","level":"info","event":"DAG bundles loaded: dags-folder","logger":"airflow.dag_processing.bundles.manager.DagBundlesManager","filename":"manager.py","lineno":179}
{"timestamp":"2026-02-24T15:22:05.190310Z","level":"info","event":"Filling up the DagBag from /opt/airflow/dags/data_pipeline.py","logger":"airflow.models.dagbag.DagBag","filename":"dagbag.py","lineno":593}
{"timestamp":"2026-02-24T15:22:05.534457Z","level":"warning","event":"The `airflow.operators.bash.BashOperator` attribute is deprecated. Please use `'airflow.providers.standard.operators.bash.BashOperator'`.","category":"DeprecatedImportWarning","filename":"/opt/airflow/dags/data_pipeline.py","lineno":4,"logger":"py.warnings"}
{"timestamp":"2026-02-24T15:22:05.628419Z","level":"info","event":"Tmp dir root location: /tmp","logger":"airflow.task.hooks.airflow.providers.standard.hooks.subprocess.SubprocessHook","filename":"subprocess.py","lineno":78}
{"timestamp":"2026-02-24T15:22:05.629749Z","level":"info","event":"Running command: ['/usr/bin/bash', '-c', 'cd /opt/airflow/dbt/test_dbt_pj && dbt run --select silver']","logger":"airflow.task.hooks.airflow.providers.standard.hooks.subprocess.SubprocessHook","filename":"subprocess.py","lineno":80}
{"timestamp":"2026-02-24T15:22:05.630641Z","level":"info","event":"Output:","logger":"airflow.task.hooks.airflow.providers.standard.hooks.subprocess.SubprocessHook","filename":"subprocess.py","lineno":92}
{"timestamp":"2026-02-24T15:22:07.473345Z","level":"info","event":"\u001b[0m15:22:07  Running with dbt=1.11.3","logger":"airflow.task.hooks.airflow.providers.standard.hooks.subprocess.SubprocessHook","filename":"subprocess.py","lineno":99}
{"timestamp":"2026-02-24T15:22:07.892191Z","level":"info","event":"\u001b[0m15:22:07  Registered adapter: sqlserver=1.9.0","logger":"airflow.task.hooks.airflow.providers.standard.hooks.subprocess.SubprocessHook","filename":"subprocess.py","lineno":99}
{"timestamp":"2026-02-24T15:22:08.707883Z","level":"info","event":"\u001b[0m15:22:08  [\u001b[33mWARNING\u001b[0m]: Configuration paths exist in your dbt_project.yml file which do not apply to any resources.","logger":"airflow.task.hooks.airflow.providers.standard.hooks.subprocess.SubprocessHook","filename":"subprocess.py","lineno":99}
{"timestamp":"2026-02-24T15:22:08.708096Z","level":"info","event":"There are 2 unused configuration paths:","logger":"airflow.task.hooks.airflow.providers.standard.hooks.subprocess.SubprocessHook","filename":"subprocess.py","lineno":99}
{"timestamp":"2026-02-24T15:22:08.708171Z","level":"info","event":"- models.test_dbt_pj.staging","logger":"airflow.task.hooks.airflow.providers.standard.hooks.subprocess.SubprocessHook","filename":"subprocess.py","lineno":99}
{"timestamp":"2026-02-24T15:22:08.708214Z","level":"info","event":"- models.test_dbt_pj.marts","logger":"airflow.task.hooks.airflow.providers.standard.hooks.subprocess.SubprocessHook","filename":"subprocess.py","lineno":99}
{"timestamp":"2026-02-24T15:22:08.834293Z","level":"info","event":"\u001b[0m15:22:08  Found 11 models, 539 macros","logger":"airflow.task.hooks.airflow.providers.standard.hooks.subprocess.SubprocessHook","filename":"subprocess.py","lineno":99}
{"timestamp":"2026-02-24T15:22:08.838260Z","level":"info","event":"\u001b[0m15:22:08","logger":"airflow.task.hooks.airflow.providers.standard.hooks.subprocess.SubprocessHook","filename":"subprocess.py","lineno":99}
{"timestamp":"2026-02-24T15:22:08.839613Z","level":"info","event":"\u001b[0m15:22:08  Concurrency: 1 threads (target='dev')","logger":"airflow.task.hooks.airflow.providers.standard.hooks.subprocess.SubprocessHook","filename":"subprocess.py","lineno":99}
{"timestamp":"2026-02-24T15:22:08.840542Z","level":"info","event":"\u001b[0m15:22:08","logger":"airflow.task.hooks.airflow.providers.standard.hooks.subprocess.SubprocessHook","filename":"subprocess.py","lineno":99}
{"timestamp":"2026-02-24T15:22:09.185314Z","level":"info","event":"\u001b[0m15:22:09  1 of 5 START sql table model dbo.silver_curr_cyc_data .......................... [RUN]","logger":"airflow.task.hooks.airflow.providers.standard.hooks.subprocess.SubprocessHook","filename":"subprocess.py","lineno":99}
{"timestamp":"2026-02-24T15:22:09.725922Z","level":"info","event":"\u001b[0m15:22:09  1 of 5 OK created sql table model dbo.silver_curr_cyc_data ..................... [\u001b[32mOK\u001b[0m in 0.54s]","logger":"airflow.task.hooks.airflow.providers.standard.hooks.subprocess.SubprocessHook","filename":"subprocess.py","lineno":99}
{"timestamp":"2026-02-24T15:22:09.729178Z","level":"info","event":"\u001b[0m15:22:09  2 of 5 START sql table model dbo.silver_curr_data .............................. [RUN]","logger":"airflow.task.hooks.airflow.providers.standard.hooks.subprocess.SubprocessHook","filename":"subprocess.py","lineno":99}
{"timestamp":"2026-02-24T15:22:10.187588Z","level":"info","event":"\u001b[0m15:22:10  2 of 5 OK created sql table model dbo.silver_curr_data ......................... [\u001b[32mOK\u001b[0m in 0.46s]","logger":"airflow.task.hooks.airflow.providers.standard.hooks.subprocess.SubprocessHook","filename":"subprocess.py","lineno":99}
{"timestamp":"2026-02-24T15:22:10.191617Z","level":"info","event":"\u001b[0m15:22:10  3 of 5 START sql table model dbo.silver_scholar_data ........................... [RUN]","logger":"airflow.task.hooks.airflow.providers.standard.hooks.subprocess.SubprocessHook","filename":"subprocess.py","lineno":99}
{"timestamp":"2026-02-24T15:22:11.530919Z","level":"info","event":"\u001b[0m15:22:11  3 of 5 OK created sql table model dbo.silver_scholar_data ...................... [\u001b[32mOK\u001b[0m in 1.34s]","logger":"airflow.task.hooks.airflow.providers.standard.hooks.subprocess.SubprocessHook","filename":"subprocess.py","lineno":99}
{"timestamp":"2026-02-24T15:22:11.535636Z","level":"info","event":"\u001b[0m15:22:11  4 of 5 START sql table model dbo.silver_student_data ........................... [RUN]","logger":"airflow.task.hooks.airflow.providers.standard.hooks.subprocess.SubprocessHook","filename":"subprocess.py","lineno":99}
{"timestamp":"2026-02-24T15:22:15.249205Z","level":"info","event":"\u001b[0m15:22:15  4 of 5 OK created sql table model dbo.silver_student_data ...................... [\u001b[32mOK\u001b[0m in 3.71s]","logger":"airflow.task.hooks.airflow.providers.standard.hooks.subprocess.SubprocessHook","filename":"subprocess.py","lineno":99}
{"timestamp":"2026-02-24T15:22:15.252857Z","level":"info","event":"\u001b[0m15:22:15  5 of 5 START sql table model dbo.silver_thesis_data ............................ [RUN]","logger":"airflow.task.hooks.airflow.providers.standard.hooks.subprocess.SubprocessHook","filename":"subprocess.py","lineno":99}
{"timestamp":"2026-02-24T15:22:37.254080Z","level":"info","event":"\u001b[0m15:22:37  5 of 5 OK created sql table model dbo.silver_thesis_data ....................... [\u001b[32mOK\u001b[0m in 22.00s]","logger":"airflow.task.hooks.airflow.providers.standard.hooks.subprocess.SubprocessHook","filename":"subprocess.py","lineno":99}
{"timestamp":"2026-02-24T15:22:37.264902Z","level":"info","event":"\u001b[0m15:22:37","logger":"airflow.task.hooks.airflow.providers.standard.hooks.subprocess.SubprocessHook","filename":"subprocess.py","lineno":99}
{"timestamp":"2026-02-24T15:22:37.266021Z","level":"info","event":"\u001b[0m15:22:37  Finished running 5 table models in 0 hours 0 minutes and 28.42 seconds (28.42s).","logger":"airflow.task.hooks.airflow.providers.standard.hooks.subprocess.SubprocessHook","filename":"subprocess.py","lineno":99}
{"timestamp":"2026-02-24T15:22:37.370042Z","level":"info","event":"\u001b[0m15:22:37","logger":"airflow.task.hooks.airflow.providers.standard.hooks.subprocess.SubprocessHook","filename":"subprocess.py","lineno":99}
{"timestamp":"2026-02-24T15:22:37.371488Z","level":"info","event":"\u001b[0m15:22:37  \u001b[32mCompleted successfully\u001b[0m","logger":"airflow.task.hooks.airflow.providers.standard.hooks.subprocess.SubprocessHook","filename":"subprocess.py","lineno":99}
{"timestamp":"2026-02-24T15:22:37.372952Z","level":"info","event":"\u001b[0m15:22:37","logger":"airflow.task.hooks.airflow.providers.standard.hooks.subprocess.SubprocessHook","filename":"subprocess.py","lineno":99}
{"timestamp":"2026-02-24T15:22:37.374502Z","level":"info","event":"\u001b[0m15:22:37  Done. PASS=5 WARN=0 ERROR=0 SKIP=0 NO-OP=0 TOTAL=5","logger":"airflow.task.hooks.airflow.providers.standard.hooks.subprocess.SubprocessHook","filename":"subprocess.py","lineno":99}
{"timestamp":"2026-02-24T15:22:40.345760Z","level":"info","event":"Command exited with return code 0","logger":"airflow.task.hooks.airflow.providers.standard.hooks.subprocess.SubprocessHook","filename":"subprocess.py","lineno":103}
{"timestamp":"2026-02-24T15:22:40.347310Z","level":"info","event":"Pushing xcom","ti":"RuntimeTaskInstance(id=UUID('019c903e-2739-7cfb-bbb0-725065d380f8'), task_id='dbt_run_silver', dag_id='bronze_silver_gold', run_id='manual__2026-02-24T15:21:56+00:00', try_number=1, dag_version_id=UUID('019c902f-5002-7d46-afce-5ffa472cd232'), map_index=-1, hostname='bf2658ae7606', context_carrier={}, task=<Task(BashOperator): dbt_run_silver>, bundle_instance=LocalDagBundle(name=dags-folder), max_tries=0, start_date=datetime.datetime(2026, 2, 24, 15, 22, 5, 137624, tzinfo=datetime.timezone.utc), end_date=None, state=<TaskInstanceState.RUNNING: 'running'>, is_mapped=False, rendered_map_index=None)","logger":"task","filename":"task_runner.py","lineno":1450}
