{"timestamp":"2026-03-05T04:10:01.461171Z","level":"info","event":"DAG bundles loaded: dags-folder","logger":"airflow.dag_processing.bundles.manager.DagBundlesManager","filename":"manager.py","lineno":179}
{"timestamp":"2026-03-05T04:10:01.462329Z","level":"info","event":"Filling up the DagBag from /opt/airflow/dags/data_pipeline.py","logger":"airflow.models.dagbag.DagBag","filename":"dagbag.py","lineno":593}
{"timestamp":"2026-03-05T04:10:01.759768Z","level":"warning","event":"The `airflow.operators.bash.BashOperator` attribute is deprecated. Please use `'airflow.providers.standard.operators.bash.BashOperator'`.","category":"DeprecatedImportWarning","filename":"/opt/airflow/dags/data_pipeline.py","lineno":4,"logger":"py.warnings"}
{"timestamp":"2026-03-05T04:10:01.844209Z","level":"info","event":"Tmp dir root location: /tmp","logger":"airflow.task.hooks.airflow.providers.standard.hooks.subprocess.SubprocessHook","filename":"subprocess.py","lineno":78}
{"timestamp":"2026-03-05T04:10:01.845548Z","level":"info","event":"Running command: ['/usr/bin/bash', '-c', 'cd /opt/airflow/dbt/test_dbt_pj && dbt run --select silver']","logger":"airflow.task.hooks.airflow.providers.standard.hooks.subprocess.SubprocessHook","filename":"subprocess.py","lineno":80}
{"timestamp":"2026-03-05T04:10:01.846417Z","level":"info","event":"Output:","logger":"airflow.task.hooks.airflow.providers.standard.hooks.subprocess.SubprocessHook","filename":"subprocess.py","lineno":92}
{"timestamp":"2026-03-05T04:10:03.782942Z","level":"info","event":"\u001b[0m04:10:03  Running with dbt=1.11.3","logger":"airflow.task.hooks.airflow.providers.standard.hooks.subprocess.SubprocessHook","filename":"subprocess.py","lineno":99}
{"timestamp":"2026-03-05T04:10:04.289817Z","level":"info","event":"\u001b[0m04:10:04  Registered adapter: sqlserver=1.9.0","logger":"airflow.task.hooks.airflow.providers.standard.hooks.subprocess.SubprocessHook","filename":"subprocess.py","lineno":99}
{"timestamp":"2026-03-05T04:10:05.396048Z","level":"info","event":"\u001b[0m04:10:05  [\u001b[33mWARNING\u001b[0m]: Configuration paths exist in your dbt_project.yml file which do not apply to any resources.","logger":"airflow.task.hooks.airflow.providers.standard.hooks.subprocess.SubprocessHook","filename":"subprocess.py","lineno":99}
{"timestamp":"2026-03-05T04:10:05.396517Z","level":"info","event":"There are 2 unused configuration paths:","logger":"airflow.task.hooks.airflow.providers.standard.hooks.subprocess.SubprocessHook","filename":"subprocess.py","lineno":99}
{"timestamp":"2026-03-05T04:10:05.396655Z","level":"info","event":"- models.test_dbt_pj.staging","logger":"airflow.task.hooks.airflow.providers.standard.hooks.subprocess.SubprocessHook","filename":"subprocess.py","lineno":99}
{"timestamp":"2026-03-05T04:10:05.396717Z","level":"info","event":"- models.test_dbt_pj.marts","logger":"airflow.task.hooks.airflow.providers.standard.hooks.subprocess.SubprocessHook","filename":"subprocess.py","lineno":99}
{"timestamp":"2026-03-05T04:10:05.605341Z","level":"info","event":"\u001b[0m04:10:05  Found 12 models, 539 macros","logger":"airflow.task.hooks.airflow.providers.standard.hooks.subprocess.SubprocessHook","filename":"subprocess.py","lineno":99}
{"timestamp":"2026-03-05T04:10:05.614317Z","level":"info","event":"\u001b[0m04:10:05","logger":"airflow.task.hooks.airflow.providers.standard.hooks.subprocess.SubprocessHook","filename":"subprocess.py","lineno":99}
{"timestamp":"2026-03-05T04:10:05.616401Z","level":"info","event":"\u001b[0m04:10:05  Concurrency: 1 threads (target='dev')","logger":"airflow.task.hooks.airflow.providers.standard.hooks.subprocess.SubprocessHook","filename":"subprocess.py","lineno":99}
{"timestamp":"2026-03-05T04:10:05.618934Z","level":"info","event":"\u001b[0m04:10:05","logger":"airflow.task.hooks.airflow.providers.standard.hooks.subprocess.SubprocessHook","filename":"subprocess.py","lineno":99}
{"timestamp":"2026-03-05T04:10:06.081185Z","level":"info","event":"\u001b[0m04:10:06  1 of 5 START sql table model dbo.silver_curr_cyc_data .......................... [RUN]","logger":"airflow.task.hooks.airflow.providers.standard.hooks.subprocess.SubprocessHook","filename":"subprocess.py","lineno":99}
{"timestamp":"2026-03-05T04:10:06.535098Z","level":"info","event":"\u001b[0m04:10:06  1 of 5 OK created sql table model dbo.silver_curr_cyc_data ..................... [\u001b[32mOK\u001b[0m in 0.45s]","logger":"airflow.task.hooks.airflow.providers.standard.hooks.subprocess.SubprocessHook","filename":"subprocess.py","lineno":99}
{"timestamp":"2026-03-05T04:10:06.540330Z","level":"info","event":"\u001b[0m04:10:06  2 of 5 START sql table model dbo.silver_curr_data .............................. [RUN]","logger":"airflow.task.hooks.airflow.providers.standard.hooks.subprocess.SubprocessHook","filename":"subprocess.py","lineno":99}
{"timestamp":"2026-03-05T04:10:07.211766Z","level":"info","event":"\u001b[0m04:10:07  2 of 5 OK created sql table model dbo.silver_curr_data ......................... [\u001b[32mOK\u001b[0m in 0.67s]","logger":"airflow.task.hooks.airflow.providers.standard.hooks.subprocess.SubprocessHook","filename":"subprocess.py","lineno":99}
{"timestamp":"2026-03-05T04:10:07.215541Z","level":"info","event":"\u001b[0m04:10:07  3 of 5 START sql table model dbo.silver_scholar_data ........................... [RUN]","logger":"airflow.task.hooks.airflow.providers.standard.hooks.subprocess.SubprocessHook","filename":"subprocess.py","lineno":99}
{"timestamp":"2026-03-05T04:10:10.258475Z","level":"info","event":"\u001b[0m04:10:10  3 of 5 OK created sql table model dbo.silver_scholar_data ...................... [\u001b[32mOK\u001b[0m in 3.04s]","logger":"airflow.task.hooks.airflow.providers.standard.hooks.subprocess.SubprocessHook","filename":"subprocess.py","lineno":99}
{"timestamp":"2026-03-05T04:10:10.262342Z","level":"info","event":"\u001b[0m04:10:10  4 of 5 START sql table model dbo.silver_student_data ........................... [RUN]","logger":"airflow.task.hooks.airflow.providers.standard.hooks.subprocess.SubprocessHook","filename":"subprocess.py","lineno":99}
{"timestamp":"2026-03-05T04:10:13.996699Z","level":"info","event":"\u001b[0m04:10:13  4 of 5 OK created sql table model dbo.silver_student_data ...................... [\u001b[32mOK\u001b[0m in 3.73s]","logger":"airflow.task.hooks.airflow.providers.standard.hooks.subprocess.SubprocessHook","filename":"subprocess.py","lineno":99}
{"timestamp":"2026-03-05T04:10:13.999827Z","level":"info","event":"\u001b[0m04:10:13  5 of 5 START sql table model dbo.silver_thesis_data ............................ [RUN]","logger":"airflow.task.hooks.airflow.providers.standard.hooks.subprocess.SubprocessHook","filename":"subprocess.py","lineno":99}
{"timestamp":"2026-03-05T04:10:55.791974Z","level":"info","event":"\u001b[0m04:10:55  5 of 5 OK created sql table model dbo.silver_thesis_data ....................... [\u001b[32mOK\u001b[0m in 41.79s]","logger":"airflow.task.hooks.airflow.providers.standard.hooks.subprocess.SubprocessHook","filename":"subprocess.py","lineno":99}
{"timestamp":"2026-03-05T04:10:55.799614Z","level":"info","event":"\u001b[0m04:10:55","logger":"airflow.task.hooks.airflow.providers.standard.hooks.subprocess.SubprocessHook","filename":"subprocess.py","lineno":99}
{"timestamp":"2026-03-05T04:10:55.800279Z","level":"info","event":"\u001b[0m04:10:55  Finished running 5 table models in 0 hours 0 minutes and 50.18 seconds (50.18s).","logger":"airflow.task.hooks.airflow.providers.standard.hooks.subprocess.SubprocessHook","filename":"subprocess.py","lineno":99}
{"timestamp":"2026-03-05T04:10:55.873879Z","level":"info","event":"\u001b[0m04:10:55","logger":"airflow.task.hooks.airflow.providers.standard.hooks.subprocess.SubprocessHook","filename":"subprocess.py","lineno":99}
{"timestamp":"2026-03-05T04:10:55.874979Z","level":"info","event":"\u001b[0m04:10:55  \u001b[32mCompleted successfully\u001b[0m","logger":"airflow.task.hooks.airflow.providers.standard.hooks.subprocess.SubprocessHook","filename":"subprocess.py","lineno":99}
{"timestamp":"2026-03-05T04:10:55.876086Z","level":"info","event":"\u001b[0m04:10:55","logger":"airflow.task.hooks.airflow.providers.standard.hooks.subprocess.SubprocessHook","filename":"subprocess.py","lineno":99}
{"timestamp":"2026-03-05T04:10:55.877207Z","level":"info","event":"\u001b[0m04:10:55  Done. PASS=5 WARN=0 ERROR=0 SKIP=0 NO-OP=0 TOTAL=5","logger":"airflow.task.hooks.airflow.providers.standard.hooks.subprocess.SubprocessHook","filename":"subprocess.py","lineno":99}
{"timestamp":"2026-03-05T04:10:57.954365Z","level":"info","event":"Command exited with return code 0","logger":"airflow.task.hooks.airflow.providers.standard.hooks.subprocess.SubprocessHook","filename":"subprocess.py","lineno":103}
{"timestamp":"2026-03-05T04:10:57.955902Z","level":"info","event":"Pushing xcom","ti":"RuntimeTaskInstance(id=UUID('019cbc30-1b75-7931-bbbf-2ec8a138cb76'), task_id='dbt_run_silver', dag_id='bronze_silver_gold', run_id='manual__2026-03-05T04:09:52+00:00', try_number=1, dag_version_id=UUID('019c902f-5002-7d46-afce-5ffa472cd232'), map_index=-1, hostname='bf2658ae7606', context_carrier={}, task=<Task(BashOperator): dbt_run_silver>, bundle_instance=LocalDagBundle(name=dags-folder), max_tries=0, start_date=datetime.datetime(2026, 3, 5, 4, 10, 1, 428127, tzinfo=datetime.timezone.utc), end_date=None, state=<TaskInstanceState.RUNNING: 'running'>, is_mapped=False, rendered_map_index=None)","logger":"task","filename":"task_runner.py","lineno":1450}
