{"timestamp":"2026-03-05T04:23:03.008751Z","level":"info","event":"DAG bundles loaded: dags-folder","logger":"airflow.dag_processing.bundles.manager.DagBundlesManager","filename":"manager.py","lineno":179}
{"timestamp":"2026-03-05T04:23:03.010486Z","level":"info","event":"Filling up the DagBag from /opt/airflow/dags/data_pipeline.py","logger":"airflow.models.dagbag.DagBag","filename":"dagbag.py","lineno":593}
{"timestamp":"2026-03-05T04:23:03.482058Z","level":"warning","event":"The `airflow.operators.bash.BashOperator` attribute is deprecated. Please use `'airflow.providers.standard.operators.bash.BashOperator'`.","category":"DeprecatedImportWarning","filename":"/opt/airflow/dags/data_pipeline.py","lineno":4,"logger":"py.warnings"}
{"timestamp":"2026-03-05T04:23:03.616703Z","level":"info","event":"Tmp dir root location: /tmp","logger":"airflow.task.hooks.airflow.providers.standard.hooks.subprocess.SubprocessHook","filename":"subprocess.py","lineno":78}
{"timestamp":"2026-03-05T04:23:03.618527Z","level":"info","event":"Running command: ['/usr/bin/bash', '-c', 'cd /opt/airflow/dbt/test_dbt_pj && dbt run --select gold']","logger":"airflow.task.hooks.airflow.providers.standard.hooks.subprocess.SubprocessHook","filename":"subprocess.py","lineno":80}
{"timestamp":"2026-03-05T04:23:03.619443Z","level":"info","event":"Output:","logger":"airflow.task.hooks.airflow.providers.standard.hooks.subprocess.SubprocessHook","filename":"subprocess.py","lineno":92}
{"timestamp":"2026-03-05T04:23:06.017037Z","level":"info","event":"\u001b[0m04:23:06  Running with dbt=1.11.3","logger":"airflow.task.hooks.airflow.providers.standard.hooks.subprocess.SubprocessHook","filename":"subprocess.py","lineno":99}
{"timestamp":"2026-03-05T04:23:06.550164Z","level":"info","event":"\u001b[0m04:23:06  Registered adapter: sqlserver=1.9.0","logger":"airflow.task.hooks.airflow.providers.standard.hooks.subprocess.SubprocessHook","filename":"subprocess.py","lineno":99}
{"timestamp":"2026-03-05T04:23:07.045525Z","level":"info","event":"\u001b[0m04:23:07  [\u001b[33mWARNING\u001b[0m]: Configuration paths exist in your dbt_project.yml file which do not apply to any resources.","logger":"airflow.task.hooks.airflow.providers.standard.hooks.subprocess.SubprocessHook","filename":"subprocess.py","lineno":99}
{"timestamp":"2026-03-05T04:23:07.045900Z","level":"info","event":"There are 2 unused configuration paths:","logger":"airflow.task.hooks.airflow.providers.standard.hooks.subprocess.SubprocessHook","filename":"subprocess.py","lineno":99}
{"timestamp":"2026-03-05T04:23:07.046034Z","level":"info","event":"- models.test_dbt_pj.staging","logger":"airflow.task.hooks.airflow.providers.standard.hooks.subprocess.SubprocessHook","filename":"subprocess.py","lineno":99}
{"timestamp":"2026-03-05T04:23:07.046123Z","level":"info","event":"- models.test_dbt_pj.marts","logger":"airflow.task.hooks.airflow.providers.standard.hooks.subprocess.SubprocessHook","filename":"subprocess.py","lineno":99}
{"timestamp":"2026-03-05T04:23:07.221204Z","level":"info","event":"\u001b[0m04:23:07  Found 12 models, 539 macros","logger":"airflow.task.hooks.airflow.providers.standard.hooks.subprocess.SubprocessHook","filename":"subprocess.py","lineno":99}
{"timestamp":"2026-03-05T04:23:07.226675Z","level":"info","event":"\u001b[0m04:23:07","logger":"airflow.task.hooks.airflow.providers.standard.hooks.subprocess.SubprocessHook","filename":"subprocess.py","lineno":99}
{"timestamp":"2026-03-05T04:23:07.227911Z","level":"info","event":"\u001b[0m04:23:07  Concurrency: 1 threads (target='dev')","logger":"airflow.task.hooks.airflow.providers.standard.hooks.subprocess.SubprocessHook","filename":"subprocess.py","lineno":99}
{"timestamp":"2026-03-05T04:23:07.229094Z","level":"info","event":"\u001b[0m04:23:07","logger":"airflow.task.hooks.airflow.providers.standard.hooks.subprocess.SubprocessHook","filename":"subprocess.py","lineno":99}
{"timestamp":"2026-03-05T04:23:07.659131Z","level":"info","event":"\u001b[0m04:23:07  1 of 7 START sql view model dbo.dim_curriculum ................................. [RUN]","logger":"airflow.task.hooks.airflow.providers.standard.hooks.subprocess.SubprocessHook","filename":"subprocess.py","lineno":99}
{"timestamp":"2026-03-05T04:23:08.105569Z","level":"info","event":"\u001b[0m04:23:08  1 of 7 OK created sql view model dbo.dim_curriculum ............................ [\u001b[32mOK\u001b[0m in 0.44s]","logger":"airflow.task.hooks.airflow.providers.standard.hooks.subprocess.SubprocessHook","filename":"subprocess.py","lineno":99}
{"timestamp":"2026-03-05T04:23:08.110817Z","level":"info","event":"\u001b[0m04:23:08  2 of 7 START sql view model dbo.dim_date ....................................... [RUN]","logger":"airflow.task.hooks.airflow.providers.standard.hooks.subprocess.SubprocessHook","filename":"subprocess.py","lineno":99}
{"timestamp":"2026-03-05T04:23:08.407930Z","level":"info","event":"\u001b[0m04:23:08  2 of 7 OK created sql view model dbo.dim_date .................................. [\u001b[32mOK\u001b[0m in 0.29s]","logger":"airflow.task.hooks.airflow.providers.standard.hooks.subprocess.SubprocessHook","filename":"subprocess.py","lineno":99}
{"timestamp":"2026-03-05T04:23:08.415662Z","level":"info","event":"\u001b[0m04:23:08  3 of 7 START sql view model dbo.dim_milestone .................................. [RUN]","logger":"airflow.task.hooks.airflow.providers.standard.hooks.subprocess.SubprocessHook","filename":"subprocess.py","lineno":99}
{"timestamp":"2026-03-05T04:23:08.738918Z","level":"info","event":"\u001b[0m04:23:08  3 of 7 OK created sql view model dbo.dim_milestone ............................. [\u001b[32mOK\u001b[0m in 0.32s]","logger":"airflow.task.hooks.airflow.providers.standard.hooks.subprocess.SubprocessHook","filename":"subprocess.py","lineno":99}
{"timestamp":"2026-03-05T04:23:08.744993Z","level":"info","event":"\u001b[0m04:23:08  4 of 7 START sql view model dbo.dim_scholar .................................... [RUN]","logger":"airflow.task.hooks.airflow.providers.standard.hooks.subprocess.SubprocessHook","filename":"subprocess.py","lineno":99}
{"timestamp":"2026-03-05T04:23:09.047361Z","level":"info","event":"\u001b[0m04:23:09  4 of 7 OK created sql view model dbo.dim_scholar ............................... [\u001b[32mOK\u001b[0m in 0.30s]","logger":"airflow.task.hooks.airflow.providers.standard.hooks.subprocess.SubprocessHook","filename":"subprocess.py","lineno":99}
{"timestamp":"2026-03-05T04:23:09.052765Z","level":"info","event":"\u001b[0m04:23:09  5 of 7 START sql view model dbo.dim_student .................................... [RUN]","logger":"airflow.task.hooks.airflow.providers.standard.hooks.subprocess.SubprocessHook","filename":"subprocess.py","lineno":99}
{"timestamp":"2026-03-05T04:23:09.368566Z","level":"info","event":"\u001b[0m04:23:09  5 of 7 OK created sql view model dbo.dim_student ............................... [\u001b[32mOK\u001b[0m in 0.31s]","logger":"airflow.task.hooks.airflow.providers.standard.hooks.subprocess.SubprocessHook","filename":"subprocess.py","lineno":99}
{"timestamp":"2026-03-05T04:23:09.374179Z","level":"info","event":"\u001b[0m04:23:09  6 of 7 START sql view model dbo.fact_milestone ................................. [RUN]","logger":"airflow.task.hooks.airflow.providers.standard.hooks.subprocess.SubprocessHook","filename":"subprocess.py","lineno":99}
{"timestamp":"2026-03-05T04:23:09.619914Z","level":"info","event":"\u001b[0m04:23:09  \u001b[31mUnhandled error while executing target/run/test_dbt_pj/models/gold/fact_milestone.sql\u001b[0m","logger":"airflow.task.hooks.airflow.providers.standard.hooks.subprocess.SubprocessHook","filename":"subprocess.py","lineno":99}
{"timestamp":"2026-03-05T04:23:09.620161Z","level":"info","event":"('42000', \"[42000] [Microsoft][ODBC Driver 18 for SQL Server][SQL Server]Incorrect syntax near the keyword 'AND'. (156) (SQLMoreResults)\")","logger":"airflow.task.hooks.airflow.providers.standard.hooks.subprocess.SubprocessHook","filename":"subprocess.py","lineno":99}
{"timestamp":"2026-03-05T04:23:09.628590Z","level":"info","event":"\u001b[0m04:23:09  6 of 7 ERROR creating sql view model dbo.fact_milestone ........................ [\u001b[31mERROR\u001b[0m in 0.25s]","logger":"airflow.task.hooks.airflow.providers.standard.hooks.subprocess.SubprocessHook","filename":"subprocess.py","lineno":99}
{"timestamp":"2026-03-05T04:23:09.633857Z","level":"info","event":"\u001b[0m04:23:09  7 of 7 START sql view model dbo.fact_scholar ................................... [RUN]","logger":"airflow.task.hooks.airflow.providers.standard.hooks.subprocess.SubprocessHook","filename":"subprocess.py","lineno":99}
{"timestamp":"2026-03-05T04:23:09.942658Z","level":"info","event":"\u001b[0m04:23:09  7 of 7 OK created sql view model dbo.fact_scholar .............................. [\u001b[32mOK\u001b[0m in 0.30s]","logger":"airflow.task.hooks.airflow.providers.standard.hooks.subprocess.SubprocessHook","filename":"subprocess.py","lineno":99}
{"timestamp":"2026-03-05T04:23:09.950579Z","level":"info","event":"\u001b[0m04:23:09","logger":"airflow.task.hooks.airflow.providers.standard.hooks.subprocess.SubprocessHook","filename":"subprocess.py","lineno":99}
{"timestamp":"2026-03-05T04:23:09.951622Z","level":"info","event":"\u001b[0m04:23:09  Finished running 7 view models in 0 hours 0 minutes and 2.72 seconds (2.72s).","logger":"airflow.task.hooks.airflow.providers.standard.hooks.subprocess.SubprocessHook","filename":"subprocess.py","lineno":99}
{"timestamp":"2026-03-05T04:23:10.043903Z","level":"info","event":"\u001b[0m04:23:10","logger":"airflow.task.hooks.airflow.providers.standard.hooks.subprocess.SubprocessHook","filename":"subprocess.py","lineno":99}
{"timestamp":"2026-03-05T04:23:10.045172Z","level":"info","event":"\u001b[0m04:23:10  \u001b[31mCompleted with 1 error, 0 partial successes, and 0 warnings:\u001b[0m","logger":"airflow.task.hooks.airflow.providers.standard.hooks.subprocess.SubprocessHook","filename":"subprocess.py","lineno":99}
{"timestamp":"2026-03-05T04:23:10.046408Z","level":"info","event":"\u001b[0m04:23:10","logger":"airflow.task.hooks.airflow.providers.standard.hooks.subprocess.SubprocessHook","filename":"subprocess.py","lineno":99}
{"timestamp":"2026-03-05T04:23:10.047712Z","level":"info","event":"\u001b[0m04:23:10  \u001b[31mFailure in model fact_milestone (models/gold/fact_milestone.sql)\u001b[0m","logger":"airflow.task.hooks.airflow.providers.standard.hooks.subprocess.SubprocessHook","filename":"subprocess.py","lineno":99}
{"timestamp":"2026-03-05T04:23:10.048972Z","level":"info","event":"\u001b[0m04:23:10    ('42000', \"[42000] [Microsoft][ODBC Driver 18 for SQL Server][SQL Server]Incorrect syntax near the keyword 'AND'. (156) (SQLMoreResults)\")","logger":"airflow.task.hooks.airflow.providers.standard.hooks.subprocess.SubprocessHook","filename":"subprocess.py","lineno":99}
{"timestamp":"2026-03-05T04:23:10.050045Z","level":"info","event":"\u001b[0m04:23:10","logger":"airflow.task.hooks.airflow.providers.standard.hooks.subprocess.SubprocessHook","filename":"subprocess.py","lineno":99}
{"timestamp":"2026-03-05T04:23:10.051190Z","level":"info","event":"\u001b[0m04:23:10    compiled code at target/compiled/test_dbt_pj/models/gold/fact_milestone.sql","logger":"airflow.task.hooks.airflow.providers.standard.hooks.subprocess.SubprocessHook","filename":"subprocess.py","lineno":99}
{"timestamp":"2026-03-05T04:23:10.052235Z","level":"info","event":"\u001b[0m04:23:10","logger":"airflow.task.hooks.airflow.providers.standard.hooks.subprocess.SubprocessHook","filename":"subprocess.py","lineno":99}
{"timestamp":"2026-03-05T04:23:10.053297Z","level":"info","event":"\u001b[0m04:23:10  Done. PASS=6 WARN=0 ERROR=1 SKIP=0 NO-OP=0 TOTAL=7","logger":"airflow.task.hooks.airflow.providers.standard.hooks.subprocess.SubprocessHook","filename":"subprocess.py","lineno":99}
{"timestamp":"2026-03-05T04:23:11.920583Z","level":"info","event":"Command exited with return code 1","logger":"airflow.task.hooks.airflow.providers.standard.hooks.subprocess.SubprocessHook","filename":"subprocess.py","lineno":103}
{"timestamp":"2026-03-05T04:23:11.921178Z","level":"error","event":"Task failed with exception","logger":"task","filename":"task_runner.py","lineno":1056,"error_detail":[{"exc_type":"AirflowException","exc_value":"Bash command failed. The command returned a non-zero exit code 1.","exc_notes":[],"syntax_error":null,"is_cause":false,"frames":[{"filename":"/home/airflow/.local/lib/python3.12/site-packages/airflow/sdk/execution_time/task_runner.py","lineno":1004,"name":"run"},{"filename":"/home/airflow/.local/lib/python3.12/site-packages/airflow/sdk/execution_time/task_runner.py","lineno":1405,"name":"_execute_task"},{"filename":"/home/airflow/.local/lib/python3.12/site-packages/airflow/sdk/bases/operator.py","lineno":417,"name":"wrapper"},{"filename":"/home/airflow/.local/lib/python3.12/site-packages/airflow/providers/standard/operators/bash.py","lineno":227,"name":"execute"}],"is_group":false,"exceptions":[]}]}
