{"timestamp":"2026-02-24T15:35:55.078051Z","level":"info","event":"DAG bundles loaded: dags-folder","logger":"airflow.dag_processing.bundles.manager.DagBundlesManager","filename":"manager.py","lineno":179}
{"timestamp":"2026-02-24T15:35:55.079389Z","level":"info","event":"Filling up the DagBag from /opt/airflow/dags/data_pipeline.py","logger":"airflow.models.dagbag.DagBag","filename":"dagbag.py","lineno":593}
{"timestamp":"2026-02-24T15:35:55.431908Z","level":"warning","event":"The `airflow.operators.bash.BashOperator` attribute is deprecated. Please use `'airflow.providers.standard.operators.bash.BashOperator'`.","category":"DeprecatedImportWarning","filename":"/opt/airflow/dags/data_pipeline.py","lineno":4,"logger":"py.warnings"}
{"timestamp":"2026-02-24T15:35:55.558383Z","level":"info","event":"Tmp dir root location: /tmp","logger":"airflow.task.hooks.airflow.providers.standard.hooks.subprocess.SubprocessHook","filename":"subprocess.py","lineno":78}
{"timestamp":"2026-02-24T15:35:55.560044Z","level":"info","event":"Running command: ['/usr/bin/bash', '-c', 'cd /opt/airflow/dbt/test_dbt_pj && dbt run --select silver']","logger":"airflow.task.hooks.airflow.providers.standard.hooks.subprocess.SubprocessHook","filename":"subprocess.py","lineno":80}
{"timestamp":"2026-02-24T15:35:55.561191Z","level":"info","event":"Output:","logger":"airflow.task.hooks.airflow.providers.standard.hooks.subprocess.SubprocessHook","filename":"subprocess.py","lineno":92}
{"timestamp":"2026-02-24T15:35:57.503494Z","level":"info","event":"\u001b[0m15:35:57  Running with dbt=1.11.3","logger":"airflow.task.hooks.airflow.providers.standard.hooks.subprocess.SubprocessHook","filename":"subprocess.py","lineno":99}
{"timestamp":"2026-02-24T15:35:57.978494Z","level":"info","event":"\u001b[0m15:35:57  Registered adapter: sqlserver=1.9.0","logger":"airflow.task.hooks.airflow.providers.standard.hooks.subprocess.SubprocessHook","filename":"subprocess.py","lineno":99}
{"timestamp":"2026-02-24T15:35:58.730038Z","level":"info","event":"\u001b[0m15:35:58  [\u001b[33mWARNING\u001b[0m]: Configuration paths exist in your dbt_project.yml file which do not apply to any resources.","logger":"airflow.task.hooks.airflow.providers.standard.hooks.subprocess.SubprocessHook","filename":"subprocess.py","lineno":99}
{"timestamp":"2026-02-24T15:35:58.730303Z","level":"info","event":"There are 2 unused configuration paths:","logger":"airflow.task.hooks.airflow.providers.standard.hooks.subprocess.SubprocessHook","filename":"subprocess.py","lineno":99}
{"timestamp":"2026-02-24T15:35:58.730366Z","level":"info","event":"- models.test_dbt_pj.marts","logger":"airflow.task.hooks.airflow.providers.standard.hooks.subprocess.SubprocessHook","filename":"subprocess.py","lineno":99}
{"timestamp":"2026-02-24T15:35:58.730407Z","level":"info","event":"- models.test_dbt_pj.staging","logger":"airflow.task.hooks.airflow.providers.standard.hooks.subprocess.SubprocessHook","filename":"subprocess.py","lineno":99}
{"timestamp":"2026-02-24T15:35:58.886567Z","level":"info","event":"\u001b[0m15:35:58  Found 12 models, 539 macros","logger":"airflow.task.hooks.airflow.providers.standard.hooks.subprocess.SubprocessHook","filename":"subprocess.py","lineno":99}
{"timestamp":"2026-02-24T15:35:58.891561Z","level":"info","event":"\u001b[0m15:35:58","logger":"airflow.task.hooks.airflow.providers.standard.hooks.subprocess.SubprocessHook","filename":"subprocess.py","lineno":99}
{"timestamp":"2026-02-24T15:35:58.892674Z","level":"info","event":"\u001b[0m15:35:58  Concurrency: 1 threads (target='dev')","logger":"airflow.task.hooks.airflow.providers.standard.hooks.subprocess.SubprocessHook","filename":"subprocess.py","lineno":99}
{"timestamp":"2026-02-24T15:35:58.893731Z","level":"info","event":"\u001b[0m15:35:58","logger":"airflow.task.hooks.airflow.providers.standard.hooks.subprocess.SubprocessHook","filename":"subprocess.py","lineno":99}
{"timestamp":"2026-02-24T15:35:59.244427Z","level":"info","event":"\u001b[0m15:35:59  1 of 5 START sql table model dbo.silver_curr_cyc_data .......................... [RUN]","logger":"airflow.task.hooks.airflow.providers.standard.hooks.subprocess.SubprocessHook","filename":"subprocess.py","lineno":99}
{"timestamp":"2026-02-24T15:35:59.624075Z","level":"info","event":"\u001b[0m15:35:59  1 of 5 OK created sql table model dbo.silver_curr_cyc_data ..................... [\u001b[32mOK\u001b[0m in 0.38s]","logger":"airflow.task.hooks.airflow.providers.standard.hooks.subprocess.SubprocessHook","filename":"subprocess.py","lineno":99}
{"timestamp":"2026-02-24T15:35:59.626966Z","level":"info","event":"\u001b[0m15:35:59  2 of 5 START sql table model dbo.silver_curr_data .............................. [RUN]","logger":"airflow.task.hooks.airflow.providers.standard.hooks.subprocess.SubprocessHook","filename":"subprocess.py","lineno":99}
{"timestamp":"2026-02-24T15:36:00.025150Z","level":"info","event":"\u001b[0m15:36:00  2 of 5 OK created sql table model dbo.silver_curr_data ......................... [\u001b[32mOK\u001b[0m in 0.40s]","logger":"airflow.task.hooks.airflow.providers.standard.hooks.subprocess.SubprocessHook","filename":"subprocess.py","lineno":99}
{"timestamp":"2026-02-24T15:36:00.028370Z","level":"info","event":"\u001b[0m15:36:00  3 of 5 START sql table model dbo.silver_scholar_data ........................... [RUN]","logger":"airflow.task.hooks.airflow.providers.standard.hooks.subprocess.SubprocessHook","filename":"subprocess.py","lineno":99}
{"timestamp":"2026-02-24T15:36:01.424361Z","level":"info","event":"\u001b[0m15:36:01  3 of 5 OK created sql table model dbo.silver_scholar_data ...................... [\u001b[32mOK\u001b[0m in 1.39s]","logger":"airflow.task.hooks.airflow.providers.standard.hooks.subprocess.SubprocessHook","filename":"subprocess.py","lineno":99}
{"timestamp":"2026-02-24T15:36:01.427750Z","level":"info","event":"\u001b[0m15:36:01  4 of 5 START sql table model dbo.silver_student_data ........................... [RUN]","logger":"airflow.task.hooks.airflow.providers.standard.hooks.subprocess.SubprocessHook","filename":"subprocess.py","lineno":99}
{"timestamp":"2026-02-24T15:36:04.983536Z","level":"info","event":"\u001b[0m15:36:04  4 of 5 OK created sql table model dbo.silver_student_data ...................... [\u001b[32mOK\u001b[0m in 3.55s]","logger":"airflow.task.hooks.airflow.providers.standard.hooks.subprocess.SubprocessHook","filename":"subprocess.py","lineno":99}
{"timestamp":"2026-02-24T15:36:04.987752Z","level":"info","event":"\u001b[0m15:36:04  5 of 5 START sql table model dbo.silver_thesis_data ............................ [RUN]","logger":"airflow.task.hooks.airflow.providers.standard.hooks.subprocess.SubprocessHook","filename":"subprocess.py","lineno":99}
{"timestamp":"2026-02-24T15:36:30.533111Z","level":"info","event":"\u001b[0m15:36:30  5 of 5 OK created sql table model dbo.silver_thesis_data ....................... [\u001b[32mOK\u001b[0m in 25.54s]","logger":"airflow.task.hooks.airflow.providers.standard.hooks.subprocess.SubprocessHook","filename":"subprocess.py","lineno":99}
{"timestamp":"2026-02-24T15:36:30.543466Z","level":"info","event":"\u001b[0m15:36:30","logger":"airflow.task.hooks.airflow.providers.standard.hooks.subprocess.SubprocessHook","filename":"subprocess.py","lineno":99}
{"timestamp":"2026-02-24T15:36:30.544623Z","level":"info","event":"\u001b[0m15:36:30  Finished running 5 table models in 0 hours 0 minutes and 31.65 seconds (31.65s).","logger":"airflow.task.hooks.airflow.providers.standard.hooks.subprocess.SubprocessHook","filename":"subprocess.py","lineno":99}
{"timestamp":"2026-02-24T15:36:30.628831Z","level":"info","event":"\u001b[0m15:36:30","logger":"airflow.task.hooks.airflow.providers.standard.hooks.subprocess.SubprocessHook","filename":"subprocess.py","lineno":99}
{"timestamp":"2026-02-24T15:36:30.630083Z","level":"info","event":"\u001b[0m15:36:30  \u001b[32mCompleted successfully\u001b[0m","logger":"airflow.task.hooks.airflow.providers.standard.hooks.subprocess.SubprocessHook","filename":"subprocess.py","lineno":99}
{"timestamp":"2026-02-24T15:36:30.631041Z","level":"info","event":"\u001b[0m15:36:30","logger":"airflow.task.hooks.airflow.providers.standard.hooks.subprocess.SubprocessHook","filename":"subprocess.py","lineno":99}
{"timestamp":"2026-02-24T15:36:30.631868Z","level":"info","event":"\u001b[0m15:36:30  Done. PASS=5 WARN=0 ERROR=0 SKIP=0 NO-OP=0 TOTAL=5","logger":"airflow.task.hooks.airflow.providers.standard.hooks.subprocess.SubprocessHook","filename":"subprocess.py","lineno":99}
{"timestamp":"2026-02-24T15:36:34.961478Z","level":"info","event":"Command exited with return code 0","logger":"airflow.task.hooks.airflow.providers.standard.hooks.subprocess.SubprocessHook","filename":"subprocess.py","lineno":103}
{"timestamp":"2026-02-24T15:36:34.962769Z","level":"info","event":"Pushing xcom","ti":"RuntimeTaskInstance(id=UUID('019c904a-d46a-7161-93d7-aff0d1b480b5'), task_id='dbt_run_silver', dag_id='bronze_silver_gold', run_id='manual__2026-02-24T15:35:47+00:00', try_number=1, dag_version_id=UUID('019c902f-5002-7d46-afce-5ffa472cd232'), map_index=-1, hostname='bf2658ae7606', context_carrier={}, task=<Task(BashOperator): dbt_run_silver>, bundle_instance=LocalDagBundle(name=dags-folder), max_tries=0, start_date=datetime.datetime(2026, 2, 24, 15, 35, 55, 34127, tzinfo=datetime.timezone.utc), end_date=None, state=<TaskInstanceState.RUNNING: 'running'>, is_mapped=False, rendered_map_index=None)","logger":"task","filename":"task_runner.py","lineno":1450}
