{"timestamp":"2026-03-05T04:02:28.032492Z","level":"info","event":"DAG bundles loaded: dags-folder","logger":"airflow.dag_processing.bundles.manager.DagBundlesManager","filename":"manager.py","lineno":179}
{"timestamp":"2026-03-05T04:02:28.033939Z","level":"info","event":"Filling up the DagBag from /opt/airflow/dags/data_pipeline.py","logger":"airflow.models.dagbag.DagBag","filename":"dagbag.py","lineno":593}
{"timestamp":"2026-03-05T04:02:28.544191Z","level":"warning","event":"The `airflow.operators.bash.BashOperator` attribute is deprecated. Please use `'airflow.providers.standard.operators.bash.BashOperator'`.","category":"DeprecatedImportWarning","filename":"/opt/airflow/dags/data_pipeline.py","lineno":4,"logger":"py.warnings"}
{"timestamp":"2026-03-05T04:02:28.677786Z","level":"info","event":"Tmp dir root location: /tmp","logger":"airflow.task.hooks.airflow.providers.standard.hooks.subprocess.SubprocessHook","filename":"subprocess.py","lineno":78}
{"timestamp":"2026-03-05T04:02:28.679794Z","level":"info","event":"Running command: ['/usr/bin/bash', '-c', 'cd /opt/airflow/dbt/test_dbt_pj && dbt run --select gold']","logger":"airflow.task.hooks.airflow.providers.standard.hooks.subprocess.SubprocessHook","filename":"subprocess.py","lineno":80}
{"timestamp":"2026-03-05T04:02:28.680886Z","level":"info","event":"Output:","logger":"airflow.task.hooks.airflow.providers.standard.hooks.subprocess.SubprocessHook","filename":"subprocess.py","lineno":92}
{"timestamp":"2026-03-05T04:02:30.639406Z","level":"info","event":"\u001b[0m04:02:30  Running with dbt=1.11.3","logger":"airflow.task.hooks.airflow.providers.standard.hooks.subprocess.SubprocessHook","filename":"subprocess.py","lineno":99}
{"timestamp":"2026-03-05T04:02:31.185438Z","level":"info","event":"\u001b[0m04:02:31  Registered adapter: sqlserver=1.9.0","logger":"airflow.task.hooks.airflow.providers.standard.hooks.subprocess.SubprocessHook","filename":"subprocess.py","lineno":99}
{"timestamp":"2026-03-05T04:02:31.582237Z","level":"info","event":"\u001b[0m04:02:31  [\u001b[33mWARNING\u001b[0m]: Configuration paths exist in your dbt_project.yml file which do not apply to any resources.","logger":"airflow.task.hooks.airflow.providers.standard.hooks.subprocess.SubprocessHook","filename":"subprocess.py","lineno":99}
{"timestamp":"2026-03-05T04:02:31.582500Z","level":"info","event":"There are 2 unused configuration paths:","logger":"airflow.task.hooks.airflow.providers.standard.hooks.subprocess.SubprocessHook","filename":"subprocess.py","lineno":99}
{"timestamp":"2026-03-05T04:02:31.582612Z","level":"info","event":"- models.test_dbt_pj.marts","logger":"airflow.task.hooks.airflow.providers.standard.hooks.subprocess.SubprocessHook","filename":"subprocess.py","lineno":99}
{"timestamp":"2026-03-05T04:02:31.582689Z","level":"info","event":"- models.test_dbt_pj.staging","logger":"airflow.task.hooks.airflow.providers.standard.hooks.subprocess.SubprocessHook","filename":"subprocess.py","lineno":99}
{"timestamp":"2026-03-05T04:02:31.740526Z","level":"info","event":"\u001b[0m04:02:31  Found 12 models, 539 macros","logger":"airflow.task.hooks.airflow.providers.standard.hooks.subprocess.SubprocessHook","filename":"subprocess.py","lineno":99}
{"timestamp":"2026-03-05T04:02:31.745516Z","level":"info","event":"\u001b[0m04:02:31","logger":"airflow.task.hooks.airflow.providers.standard.hooks.subprocess.SubprocessHook","filename":"subprocess.py","lineno":99}
{"timestamp":"2026-03-05T04:02:31.746269Z","level":"info","event":"\u001b[0m04:02:31  Concurrency: 1 threads (target='dev')","logger":"airflow.task.hooks.airflow.providers.standard.hooks.subprocess.SubprocessHook","filename":"subprocess.py","lineno":99}
{"timestamp":"2026-03-05T04:02:31.747046Z","level":"info","event":"\u001b[0m04:02:31","logger":"airflow.task.hooks.airflow.providers.standard.hooks.subprocess.SubprocessHook","filename":"subprocess.py","lineno":99}
{"timestamp":"2026-03-05T04:02:32.106291Z","level":"info","event":"\u001b[0m04:02:32  1 of 7 START sql view model dbo.dim_curriculum ................................. [RUN]","logger":"airflow.task.hooks.airflow.providers.standard.hooks.subprocess.SubprocessHook","filename":"subprocess.py","lineno":99}
{"timestamp":"2026-03-05T04:02:32.521566Z","level":"info","event":"\u001b[0m04:02:32  1 of 7 OK created sql view model dbo.dim_curriculum ............................ [\u001b[32mOK\u001b[0m in 0.41s]","logger":"airflow.task.hooks.airflow.providers.standard.hooks.subprocess.SubprocessHook","filename":"subprocess.py","lineno":99}
{"timestamp":"2026-03-05T04:02:32.524880Z","level":"info","event":"\u001b[0m04:02:32  2 of 7 START sql view model dbo.dim_date ....................................... [RUN]","logger":"airflow.task.hooks.airflow.providers.standard.hooks.subprocess.SubprocessHook","filename":"subprocess.py","lineno":99}
{"timestamp":"2026-03-05T04:02:32.749661Z","level":"info","event":"\u001b[0m04:02:32  2 of 7 OK created sql view model dbo.dim_date .................................. [\u001b[32mOK\u001b[0m in 0.22s]","logger":"airflow.task.hooks.airflow.providers.standard.hooks.subprocess.SubprocessHook","filename":"subprocess.py","lineno":99}
{"timestamp":"2026-03-05T04:02:32.752535Z","level":"info","event":"\u001b[0m04:02:32  3 of 7 START sql view model dbo.dim_milestone .................................. [RUN]","logger":"airflow.task.hooks.airflow.providers.standard.hooks.subprocess.SubprocessHook","filename":"subprocess.py","lineno":99}
{"timestamp":"2026-03-05T04:02:32.972412Z","level":"info","event":"\u001b[0m04:02:32  3 of 7 OK created sql view model dbo.dim_milestone ............................. [\u001b[32mOK\u001b[0m in 0.22s]","logger":"airflow.task.hooks.airflow.providers.standard.hooks.subprocess.SubprocessHook","filename":"subprocess.py","lineno":99}
{"timestamp":"2026-03-05T04:02:32.976270Z","level":"info","event":"\u001b[0m04:02:32  4 of 7 START sql view model dbo.dim_scholar .................................... [RUN]","logger":"airflow.task.hooks.airflow.providers.standard.hooks.subprocess.SubprocessHook","filename":"subprocess.py","lineno":99}
{"timestamp":"2026-03-05T04:02:33.212184Z","level":"info","event":"\u001b[0m04:02:33  4 of 7 OK created sql view model dbo.dim_scholar ............................... [\u001b[32mOK\u001b[0m in 0.23s]","logger":"airflow.task.hooks.airflow.providers.standard.hooks.subprocess.SubprocessHook","filename":"subprocess.py","lineno":99}
{"timestamp":"2026-03-05T04:02:33.215927Z","level":"info","event":"\u001b[0m04:02:33  5 of 7 START sql view model dbo.dim_student .................................... [RUN]","logger":"airflow.task.hooks.airflow.providers.standard.hooks.subprocess.SubprocessHook","filename":"subprocess.py","lineno":99}
{"timestamp":"2026-03-05T04:02:33.450420Z","level":"info","event":"\u001b[0m04:02:33  5 of 7 OK created sql view model dbo.dim_student ............................... [\u001b[32mOK\u001b[0m in 0.23s]","logger":"airflow.task.hooks.airflow.providers.standard.hooks.subprocess.SubprocessHook","filename":"subprocess.py","lineno":99}
{"timestamp":"2026-03-05T04:02:33.454937Z","level":"info","event":"\u001b[0m04:02:33  6 of 7 START sql view model dbo.fact_milestone ................................. [RUN]","logger":"airflow.task.hooks.airflow.providers.standard.hooks.subprocess.SubprocessHook","filename":"subprocess.py","lineno":99}
{"timestamp":"2026-03-05T04:02:33.631789Z","level":"info","event":"\u001b[0m04:02:33  \u001b[31mUnhandled error while executing target/run/test_dbt_pj/models/gold/fact_milestone.sql\u001b[0m","logger":"airflow.task.hooks.airflow.providers.standard.hooks.subprocess.SubprocessHook","filename":"subprocess.py","lineno":99}
{"timestamp":"2026-03-05T04:02:33.631981Z","level":"info","event":"('42000', \"[42000] [Microsoft][ODBC Driver 18 for SQL Server][SQL Server]Incorrect syntax near 'joined_with_student'. (102) (SQLMoreResults)\")","logger":"airflow.task.hooks.airflow.providers.standard.hooks.subprocess.SubprocessHook","filename":"subprocess.py","lineno":99}
{"timestamp":"2026-03-05T04:02:33.638285Z","level":"info","event":"\u001b[0m04:02:33  6 of 7 ERROR creating sql view model dbo.fact_milestone ........................ [\u001b[31mERROR\u001b[0m in 0.18s]","logger":"airflow.task.hooks.airflow.providers.standard.hooks.subprocess.SubprocessHook","filename":"subprocess.py","lineno":99}
{"timestamp":"2026-03-05T04:02:33.642052Z","level":"info","event":"\u001b[0m04:02:33  7 of 7 START sql view model dbo.fact_scholar ................................... [RUN]","logger":"airflow.task.hooks.airflow.providers.standard.hooks.subprocess.SubprocessHook","filename":"subprocess.py","lineno":99}
{"timestamp":"2026-03-05T04:02:33.871198Z","level":"info","event":"\u001b[0m04:02:33  7 of 7 OK created sql view model dbo.fact_scholar .............................. [\u001b[32mOK\u001b[0m in 0.22s]","logger":"airflow.task.hooks.airflow.providers.standard.hooks.subprocess.SubprocessHook","filename":"subprocess.py","lineno":99}
{"timestamp":"2026-03-05T04:02:33.878439Z","level":"info","event":"\u001b[0m04:02:33","logger":"airflow.task.hooks.airflow.providers.standard.hooks.subprocess.SubprocessHook","filename":"subprocess.py","lineno":99}
{"timestamp":"2026-03-05T04:02:33.879208Z","level":"info","event":"\u001b[0m04:02:33  Finished running 7 view models in 0 hours 0 minutes and 2.13 seconds (2.13s).","logger":"airflow.task.hooks.airflow.providers.standard.hooks.subprocess.SubprocessHook","filename":"subprocess.py","lineno":99}
{"timestamp":"2026-03-05T04:02:33.946693Z","level":"info","event":"\u001b[0m04:02:33","logger":"airflow.task.hooks.airflow.providers.standard.hooks.subprocess.SubprocessHook","filename":"subprocess.py","lineno":99}
{"timestamp":"2026-03-05T04:02:33.947485Z","level":"info","event":"\u001b[0m04:02:33  \u001b[31mCompleted with 1 error, 0 partial successes, and 0 warnings:\u001b[0m","logger":"airflow.task.hooks.airflow.providers.standard.hooks.subprocess.SubprocessHook","filename":"subprocess.py","lineno":99}
{"timestamp":"2026-03-05T04:02:33.948307Z","level":"info","event":"\u001b[0m04:02:33","logger":"airflow.task.hooks.airflow.providers.standard.hooks.subprocess.SubprocessHook","filename":"subprocess.py","lineno":99}
{"timestamp":"2026-03-05T04:02:33.949090Z","level":"info","event":"\u001b[0m04:02:33  \u001b[31mFailure in model fact_milestone (models/gold/fact_milestone.sql)\u001b[0m","logger":"airflow.task.hooks.airflow.providers.standard.hooks.subprocess.SubprocessHook","filename":"subprocess.py","lineno":99}
{"timestamp":"2026-03-05T04:02:33.949936Z","level":"info","event":"\u001b[0m04:02:33    ('42000', \"[42000] [Microsoft][ODBC Driver 18 for SQL Server][SQL Server]Incorrect syntax near 'joined_with_student'. (102) (SQLMoreResults)\")","logger":"airflow.task.hooks.airflow.providers.standard.hooks.subprocess.SubprocessHook","filename":"subprocess.py","lineno":99}
{"timestamp":"2026-03-05T04:02:33.950654Z","level":"info","event":"\u001b[0m04:02:33","logger":"airflow.task.hooks.airflow.providers.standard.hooks.subprocess.SubprocessHook","filename":"subprocess.py","lineno":99}
{"timestamp":"2026-03-05T04:02:33.951497Z","level":"info","event":"\u001b[0m04:02:33    compiled code at target/compiled/test_dbt_pj/models/gold/fact_milestone.sql","logger":"airflow.task.hooks.airflow.providers.standard.hooks.subprocess.SubprocessHook","filename":"subprocess.py","lineno":99}
{"timestamp":"2026-03-05T04:02:33.952648Z","level":"info","event":"\u001b[0m04:02:33","logger":"airflow.task.hooks.airflow.providers.standard.hooks.subprocess.SubprocessHook","filename":"subprocess.py","lineno":99}
{"timestamp":"2026-03-05T04:02:33.953651Z","level":"info","event":"\u001b[0m04:02:33  Done. PASS=6 WARN=0 ERROR=1 SKIP=0 NO-OP=0 TOTAL=7","logger":"airflow.task.hooks.airflow.providers.standard.hooks.subprocess.SubprocessHook","filename":"subprocess.py","lineno":99}
{"timestamp":"2026-03-05T04:02:35.942854Z","level":"info","event":"Command exited with return code 1","logger":"airflow.task.hooks.airflow.providers.standard.hooks.subprocess.SubprocessHook","filename":"subprocess.py","lineno":103}
{"timestamp":"2026-03-05T04:02:35.944175Z","level":"error","event":"Task failed with exception","logger":"task","filename":"task_runner.py","lineno":1056,"error_detail":[{"exc_type":"AirflowException","exc_value":"Bash command failed. The command returned a non-zero exit code 1.","exc_notes":[],"syntax_error":null,"is_cause":false,"frames":[{"filename":"/home/airflow/.local/lib/python3.12/site-packages/airflow/sdk/execution_time/task_runner.py","lineno":1004,"name":"run"},{"filename":"/home/airflow/.local/lib/python3.12/site-packages/airflow/sdk/execution_time/task_runner.py","lineno":1405,"name":"_execute_task"},{"filename":"/home/airflow/.local/lib/python3.12/site-packages/airflow/sdk/bases/operator.py","lineno":417,"name":"wrapper"},{"filename":"/home/airflow/.local/lib/python3.12/site-packages/airflow/providers/standard/operators/bash.py","lineno":227,"name":"execute"}],"is_group":false,"exceptions":[]}]}
