{"timestamp":"2026-02-24T15:12:01.280653Z","level":"info","event":"DAG bundles loaded: dags-folder","logger":"airflow.dag_processing.bundles.manager.DagBundlesManager","filename":"manager.py","lineno":179}
{"timestamp":"2026-02-24T15:12:01.282231Z","level":"info","event":"Filling up the DagBag from /opt/airflow/dags/data_pipeline.py","logger":"airflow.models.dagbag.DagBag","filename":"dagbag.py","lineno":593}
{"timestamp":"2026-02-24T15:12:01.616318Z","level":"warning","event":"The `airflow.operators.bash.BashOperator` attribute is deprecated. Please use `'airflow.providers.standard.operators.bash.BashOperator'`.","category":"DeprecatedImportWarning","filename":"/opt/airflow/dags/data_pipeline.py","lineno":4,"logger":"py.warnings"}
{"timestamp":"2026-02-24T15:12:01.719481Z","level":"info","event":"Tmp dir root location: /tmp","logger":"airflow.task.hooks.airflow.providers.standard.hooks.subprocess.SubprocessHook","filename":"subprocess.py","lineno":78}
{"timestamp":"2026-02-24T15:12:01.722178Z","level":"info","event":"Running command: ['/usr/bin/bash', '-c', 'cd /opt/airflow/dbt/test_dbt_pj && dbt run --select silver']","logger":"airflow.task.hooks.airflow.providers.standard.hooks.subprocess.SubprocessHook","filename":"subprocess.py","lineno":80}
{"timestamp":"2026-02-24T15:12:01.723481Z","level":"info","event":"Output:","logger":"airflow.task.hooks.airflow.providers.standard.hooks.subprocess.SubprocessHook","filename":"subprocess.py","lineno":92}
{"timestamp":"2026-02-24T15:12:03.829379Z","level":"info","event":"\u001b[0m15:12:03  Running with dbt=1.11.3","logger":"airflow.task.hooks.airflow.providers.standard.hooks.subprocess.SubprocessHook","filename":"subprocess.py","lineno":99}
{"timestamp":"2026-02-24T15:12:04.282539Z","level":"info","event":"\u001b[0m15:12:04  Registered adapter: sqlserver=1.9.0","logger":"airflow.task.hooks.airflow.providers.standard.hooks.subprocess.SubprocessHook","filename":"subprocess.py","lineno":99}
{"timestamp":"2026-02-24T15:12:05.118527Z","level":"info","event":"\u001b[0m15:12:05  [\u001b[33mWARNING\u001b[0m]: Configuration paths exist in your dbt_project.yml file which do not apply to any resources.","logger":"airflow.task.hooks.airflow.providers.standard.hooks.subprocess.SubprocessHook","filename":"subprocess.py","lineno":99}
{"timestamp":"2026-02-24T15:12:05.118828Z","level":"info","event":"There are 2 unused configuration paths:","logger":"airflow.task.hooks.airflow.providers.standard.hooks.subprocess.SubprocessHook","filename":"subprocess.py","lineno":99}
{"timestamp":"2026-02-24T15:12:05.118946Z","level":"info","event":"- models.test_dbt_pj.staging","logger":"airflow.task.hooks.airflow.providers.standard.hooks.subprocess.SubprocessHook","filename":"subprocess.py","lineno":99}
{"timestamp":"2026-02-24T15:12:05.119026Z","level":"info","event":"- models.test_dbt_pj.marts","logger":"airflow.task.hooks.airflow.providers.standard.hooks.subprocess.SubprocessHook","filename":"subprocess.py","lineno":99}
{"timestamp":"2026-02-24T15:12:05.271193Z","level":"info","event":"\u001b[0m15:12:05  Found 11 models, 539 macros","logger":"airflow.task.hooks.airflow.providers.standard.hooks.subprocess.SubprocessHook","filename":"subprocess.py","lineno":99}
{"timestamp":"2026-02-24T15:12:05.276518Z","level":"info","event":"\u001b[0m15:12:05","logger":"airflow.task.hooks.airflow.providers.standard.hooks.subprocess.SubprocessHook","filename":"subprocess.py","lineno":99}
{"timestamp":"2026-02-24T15:12:05.277983Z","level":"info","event":"\u001b[0m15:12:05  Concurrency: 1 threads (target='dev')","logger":"airflow.task.hooks.airflow.providers.standard.hooks.subprocess.SubprocessHook","filename":"subprocess.py","lineno":99}
{"timestamp":"2026-02-24T15:12:05.279299Z","level":"info","event":"\u001b[0m15:12:05","logger":"airflow.task.hooks.airflow.providers.standard.hooks.subprocess.SubprocessHook","filename":"subprocess.py","lineno":99}
{"timestamp":"2026-02-24T15:12:05.769452Z","level":"info","event":"\u001b[0m15:12:05  1 of 5 START sql table model dbo.silver_curr_cyc_data .......................... [RUN]","logger":"airflow.task.hooks.airflow.providers.standard.hooks.subprocess.SubprocessHook","filename":"subprocess.py","lineno":99}
{"timestamp":"2026-02-24T15:12:06.202273Z","level":"info","event":"\u001b[0m15:12:06  1 of 5 OK created sql table model dbo.silver_curr_cyc_data ..................... [\u001b[32mOK\u001b[0m in 0.43s]","logger":"airflow.task.hooks.airflow.providers.standard.hooks.subprocess.SubprocessHook","filename":"subprocess.py","lineno":99}
{"timestamp":"2026-02-24T15:12:06.207444Z","level":"info","event":"\u001b[0m15:12:06  2 of 5 START sql table model dbo.silver_curr_data .............................. [RUN]","logger":"airflow.task.hooks.airflow.providers.standard.hooks.subprocess.SubprocessHook","filename":"subprocess.py","lineno":99}
{"timestamp":"2026-02-24T15:12:06.871725Z","level":"info","event":"\u001b[0m15:12:06  2 of 5 OK created sql table model dbo.silver_curr_data ......................... [\u001b[32mOK\u001b[0m in 0.66s]","logger":"airflow.task.hooks.airflow.providers.standard.hooks.subprocess.SubprocessHook","filename":"subprocess.py","lineno":99}
{"timestamp":"2026-02-24T15:12:06.878158Z","level":"info","event":"\u001b[0m15:12:06  3 of 5 START sql table model dbo.silver_scholar_data ........................... [RUN]","logger":"airflow.task.hooks.airflow.providers.standard.hooks.subprocess.SubprocessHook","filename":"subprocess.py","lineno":99}
{"timestamp":"2026-02-24T15:12:07.992226Z","level":"info","event":"\u001b[0m15:12:07  3 of 5 OK created sql table model dbo.silver_scholar_data ...................... [\u001b[32mOK\u001b[0m in 1.11s]","logger":"airflow.task.hooks.airflow.providers.standard.hooks.subprocess.SubprocessHook","filename":"subprocess.py","lineno":99}
{"timestamp":"2026-02-24T15:12:07.995233Z","level":"info","event":"\u001b[0m15:12:07  4 of 5 START sql table model dbo.silver_student_data ........................... [RUN]","logger":"airflow.task.hooks.airflow.providers.standard.hooks.subprocess.SubprocessHook","filename":"subprocess.py","lineno":99}
{"timestamp":"2026-02-24T15:12:12.441982Z","level":"info","event":"\u001b[0m15:12:12  4 of 5 OK created sql table model dbo.silver_student_data ...................... [\u001b[32mOK\u001b[0m in 4.44s]","logger":"airflow.task.hooks.airflow.providers.standard.hooks.subprocess.SubprocessHook","filename":"subprocess.py","lineno":99}
{"timestamp":"2026-02-24T15:12:12.445160Z","level":"info","event":"\u001b[0m15:12:12  5 of 5 START sql table model dbo.silver_thesis_data ............................ [RUN]","logger":"airflow.task.hooks.airflow.providers.standard.hooks.subprocess.SubprocessHook","filename":"subprocess.py","lineno":99}
{"timestamp":"2026-02-24T15:12:30.050171Z","level":"info","event":"\u001b[0m15:12:30  5 of 5 OK created sql table model dbo.silver_thesis_data ....................... [\u001b[32mOK\u001b[0m in 17.60s]","logger":"airflow.task.hooks.airflow.providers.standard.hooks.subprocess.SubprocessHook","filename":"subprocess.py","lineno":99}
{"timestamp":"2026-02-24T15:12:30.060893Z","level":"info","event":"\u001b[0m15:12:30","logger":"airflow.task.hooks.airflow.providers.standard.hooks.subprocess.SubprocessHook","filename":"subprocess.py","lineno":99}
{"timestamp":"2026-02-24T15:12:30.062421Z","level":"info","event":"\u001b[0m15:12:30  Finished running 5 table models in 0 hours 0 minutes and 24.78 seconds (24.78s).","logger":"airflow.task.hooks.airflow.providers.standard.hooks.subprocess.SubprocessHook","filename":"subprocess.py","lineno":99}
{"timestamp":"2026-02-24T15:12:30.173172Z","level":"info","event":"\u001b[0m15:12:30","logger":"airflow.task.hooks.airflow.providers.standard.hooks.subprocess.SubprocessHook","filename":"subprocess.py","lineno":99}
{"timestamp":"2026-02-24T15:12:30.174894Z","level":"info","event":"\u001b[0m15:12:30  \u001b[32mCompleted successfully\u001b[0m","logger":"airflow.task.hooks.airflow.providers.standard.hooks.subprocess.SubprocessHook","filename":"subprocess.py","lineno":99}
{"timestamp":"2026-02-24T15:12:30.176414Z","level":"info","event":"\u001b[0m15:12:30","logger":"airflow.task.hooks.airflow.providers.standard.hooks.subprocess.SubprocessHook","filename":"subprocess.py","lineno":99}
{"timestamp":"2026-02-24T15:12:30.177791Z","level":"info","event":"\u001b[0m15:12:30  Done. PASS=5 WARN=0 ERROR=0 SKIP=0 NO-OP=0 TOTAL=5","logger":"airflow.task.hooks.airflow.providers.standard.hooks.subprocess.SubprocessHook","filename":"subprocess.py","lineno":99}
{"timestamp":"2026-02-24T15:12:33.820377Z","level":"info","event":"Command exited with return code 0","logger":"airflow.task.hooks.airflow.providers.standard.hooks.subprocess.SubprocessHook","filename":"subprocess.py","lineno":103}
{"timestamp":"2026-02-24T15:12:33.822123Z","level":"info","event":"Pushing xcom","ti":"RuntimeTaskInstance(id=UUID('019c9034-f542-7d09-8f1a-146378aa89cd'), task_id='dbt_run_silver', dag_id='bronze_silver_gold', run_id='manual__2026-02-24T15:11:54+00:00', try_number=1, dag_version_id=UUID('019c902f-5002-7d46-afce-5ffa472cd232'), map_index=-1, hostname='bf2658ae7606', context_carrier={}, task=<Task(BashOperator): dbt_run_silver>, bundle_instance=LocalDagBundle(name=dags-folder), max_tries=0, start_date=datetime.datetime(2026, 2, 24, 15, 12, 1, 238194, tzinfo=datetime.timezone.utc), end_date=None, state=<TaskInstanceState.RUNNING: 'running'>, is_mapped=False, rendered_map_index=None)","logger":"task","filename":"task_runner.py","lineno":1450}
